Command line invocation:
    /Applications/Xcode.app/Contents/Developer/usr/bin/xcodebuild -project CameraAccess.xcodeproj -scheme TurboMeta -configuration Release -sdk iphoneos -destination generic/platform=iOS -derivedDataPath build CODE_SIGN_IDENTITY= CODE_SIGNING_REQUIRED=NO CODE_SIGNING_ALLOWED=NO DEVELOPMENT_TEAM= clean build

Build settings from command line:
    CODE_SIGN_IDENTITY = 
    CODE_SIGNING_ALLOWED = NO
    CODE_SIGNING_REQUIRED = NO
    DEVELOPMENT_TEAM = 
    SDKROOT = iphoneos26.1

Resolve Package Graph

Fetching from https://github.com/facebook/meta-wearables-dat-ios (cached)

Creating working copy of package ‘meta-wearables-dat-ios’

Checking out 0.3.0 of package ‘meta-wearables-dat-ios’


Resolved source packages:
  MetaWearablesDAT: https://github.com/facebook/meta-wearables-dat-ios @ 0.3.0

note: Using codesigning identity override: 
CreateBuildRequest

SendProjectDescription

CreateBuildOperation

** CLEAN SUCCEEDED **

note: Using codesigning identity override: 
ComputePackagePrebuildTargetDependencyGraph

Prepare packages

CreateBuildRequest

SendProjectDescription

CreateBuildOperation

ComputeTargetDependencyGraph
note: Building targets in dependency order
note: Target dependency graph (4 targets)
    Target 'CameraAccess' in project 'CameraAccess'
        ➜ Explicit dependency on target 'MWDATCore' in project 'MetaWearablesDAT'
        ➜ Explicit dependency on target 'MWDATCamera' in project 'MetaWearablesDAT'
        ➜ Explicit dependency on target 'MWDATMockDevice' in project 'MetaWearablesDAT'
    Target 'MWDATMockDevice' in project 'MetaWearablesDAT' (no dependencies)
    Target 'MWDATCamera' in project 'MetaWearablesDAT' (no dependencies)
    Target 'MWDATCore' in project 'MetaWearablesDAT' (no dependencies)

GatherProvisioningInputs

CreateBuildDescription

ExecuteExternalTool /Applications/Xcode.app/Contents/Developer/Toolchains/XcodeDefault.xctoolchain/usr/bin/clang -v -E -dM -isysroot /Applications/Xcode.app/Contents/Developer/Platforms/iPhoneOS.platform/Developer/SDKs/iPhoneOS26.1.sdk -x c -c /dev/null

ExecuteExternalTool /Applications/Xcode.app/Contents/Developer/usr/bin/actool --print-asset-tag-combinations --output-format xml1 /Users/fwz233/Project/turbometa-rayban-ai/CameraAccess/Assets.xcassets

ExecuteExternalTool /Applications/Xcode.app/Contents/Developer/usr/bin/actool --version --output-format xml1

ExecuteExternalTool /Applications/Xcode.app/Contents/Developer/Toolchains/XcodeDefault.xctoolchain/usr/bin/swiftc --version

ExecuteExternalTool /Applications/Xcode.app/Contents/Developer/Toolchains/XcodeDefault.xctoolchain/usr/bin/ld -version_details

Build description signature: 6b51f3488548a71745ecb4fd09eab4ab
Build description path: /Users/fwz233/Project/turbometa-rayban-ai/build/Build/Intermediates.noindex/XCBuildData/6b51f3488548a71745ecb4fd09eab4ab.xcbuilddata
ClangStatCache /Applications/Xcode.app/Contents/Developer/Toolchains/XcodeDefault.xctoolchain/usr/bin/clang-stat-cache /Applications/Xcode.app/Contents/Developer/Platforms/iPhoneOS.platform/Developer/SDKs/iPhoneOS26.1.sdk /Users/fwz233/Project/turbometa-rayban-ai/build/SDKStatCaches.noindex/iphoneos26.1-23B77-69b33fc7382b27d9b5d46e82a00f8e78.sdkstatcache
    cd /Users/fwz233/Project/turbometa-rayban-ai/CameraAccess.xcodeproj
    /Applications/Xcode.app/Contents/Developer/Toolchains/XcodeDefault.xctoolchain/usr/bin/clang-stat-cache /Applications/Xcode.app/Contents/Developer/Platforms/iPhoneOS.platform/Developer/SDKs/iPhoneOS26.1.sdk -o /Users/fwz233/Project/turbometa-rayban-ai/build/SDKStatCaches.noindex/iphoneos26.1-23B77-69b33fc7382b27d9b5d46e82a00f8e78.sdkstatcache

CreateBuildDirectory /Users/fwz233/Project/turbometa-rayban-ai/build/Build/Products
    cd /Users/fwz233/Project/turbometa-rayban-ai/CameraAccess.xcodeproj
    builtin-create-build-directory /Users/fwz233/Project/turbometa-rayban-ai/build/Build/Products

CreateBuildDirectory /Users/fwz233/Project/turbometa-rayban-ai/build/Build/Intermediates.noindex
    cd /Users/fwz233/Project/turbometa-rayban-ai/CameraAccess.xcodeproj
    builtin-create-build-directory /Users/fwz233/Project/turbometa-rayban-ai/build/Build/Intermediates.noindex

WriteAuxiliaryFile /Users/fwz233/Project/turbometa-rayban-ai/build/Build/Intermediates.noindex/CameraAccess.build/Release-iphoneos/CameraAccess-11d5501a713476d0456152e9cfef2bfd-VFS-iphoneos/all-product-headers.yaml
    cd /Users/fwz233/Project/turbometa-rayban-ai/CameraAccess.xcodeproj
    write-file /Users/fwz233/Project/turbometa-rayban-ai/build/Build/Intermediates.noindex/CameraAccess.build/Release-iphoneos/CameraAccess-11d5501a713476d0456152e9cfef2bfd-VFS-iphoneos/all-product-headers.yaml

CreateBuildDirectory /Users/fwz233/Project/turbometa-rayban-ai/build/Build/Intermediates.noindex/SwiftExplicitPrecompiledModules
    cd /Users/fwz233/Project/turbometa-rayban-ai/CameraAccess.xcodeproj
    builtin-create-build-directory /Users/fwz233/Project/turbometa-rayban-ai/build/Build/Intermediates.noindex/SwiftExplicitPrecompiledModules

CreateBuildDirectory /Users/fwz233/Project/turbometa-rayban-ai/build/Build/Products/Release-iphoneos
    cd /Users/fwz233/Project/turbometa-rayban-ai/CameraAccess.xcodeproj
    builtin-create-build-directory /Users/fwz233/Project/turbometa-rayban-ai/build/Build/Products/Release-iphoneos

CreateBuildDirectory /Users/fwz233/Project/turbometa-rayban-ai/build/Build/Intermediates.noindex/ExplicitPrecompiledModules
    cd /Users/fwz233/Project/turbometa-rayban-ai/CameraAccess.xcodeproj
    builtin-create-build-directory /Users/fwz233/Project/turbometa-rayban-ai/build/Build/Intermediates.noindex/ExplicitPrecompiledModules

CreateBuildDirectory /Users/fwz233/Project/turbometa-rayban-ai/build/Build/Intermediates.noindex/EagerLinkingTBDs/Release-iphoneos
    cd /Users/fwz233/Project/turbometa-rayban-ai/CameraAccess.xcodeproj
    builtin-create-build-directory /Users/fwz233/Project/turbometa-rayban-ai/build/Build/Intermediates.noindex/EagerLinkingTBDs/Release-iphoneos

CreateBuildDirectory /Users/fwz233/Project/turbometa-rayban-ai/build/Build/Products/Release-iphoneos/PackageFrameworks
    cd /Users/fwz233/Project/turbometa-rayban-ai/CameraAccess.xcodeproj
    builtin-create-build-directory /Users/fwz233/Project/turbometa-rayban-ai/build/Build/Products/Release-iphoneos/PackageFrameworks

ProcessXCFramework /Users/fwz233/Project/turbometa-rayban-ai/build/SourcePackages/checkouts/meta-wearables-dat-ios/MWDATMockDevice.xcframework /Users/fwz233/Project/turbometa-rayban-ai/build/Build/Products/Release-iphoneos/MWDATMockDevice.framework ios
    cd /Users/fwz233/Project/turbometa-rayban-ai/CameraAccess.xcodeproj
    builtin-process-xcframework --xcframework /Users/fwz233/Project/turbometa-rayban-ai/build/SourcePackages/checkouts/meta-wearables-dat-ios/MWDATMockDevice.xcframework --platform ios --target-path /Users/fwz233/Project/turbometa-rayban-ai/build/Build/Products/Release-iphoneos

ProcessXCFramework /Users/fwz233/Project/turbometa-rayban-ai/build/SourcePackages/checkouts/meta-wearables-dat-ios/MWDATCamera.xcframework /Users/fwz233/Project/turbometa-rayban-ai/build/Build/Products/Release-iphoneos/MWDATCamera.framework ios
    cd /Users/fwz233/Project/turbometa-rayban-ai/CameraAccess.xcodeproj
    builtin-process-xcframework --xcframework /Users/fwz233/Project/turbometa-rayban-ai/build/SourcePackages/checkouts/meta-wearables-dat-ios/MWDATCamera.xcframework --platform ios --target-path /Users/fwz233/Project/turbometa-rayban-ai/build/Build/Products/Release-iphoneos

ProcessXCFramework /Users/fwz233/Project/turbometa-rayban-ai/build/SourcePackages/checkouts/meta-wearables-dat-ios/MWDATCore.xcframework /Users/fwz233/Project/turbometa-rayban-ai/build/Build/Products/Release-iphoneos/MWDATCore.framework ios
    cd /Users/fwz233/Project/turbometa-rayban-ai/CameraAccess.xcodeproj
    builtin-process-xcframework --xcframework /Users/fwz233/Project/turbometa-rayban-ai/build/SourcePackages/checkouts/meta-wearables-dat-ios/MWDATCore.xcframework --platform ios --target-path /Users/fwz233/Project/turbometa-rayban-ai/build/Build/Products/Release-iphoneos

WriteAuxiliaryFile /Users/fwz233/Project/turbometa-rayban-ai/build/Build/Intermediates.noindex/CameraAccess.build/Release-iphoneos/CameraAccess.build/Objects-normal/arm64/CameraAccess.SwiftFileList (in target 'CameraAccess' from project 'CameraAccess')
    cd /Users/fwz233/Project/turbometa-rayban-ai
    write-file /Users/fwz233/Project/turbometa-rayban-ai/build/Build/Intermediates.noindex/CameraAccess.build/Release-iphoneos/CameraAccess.build/Objects-normal/arm64/CameraAccess.SwiftFileList

WriteAuxiliaryFile /Users/fwz233/Project/turbometa-rayban-ai/build/Build/Intermediates.noindex/CameraAccess.build/Release-iphoneos/CameraAccess.build/Objects-normal/arm64/CameraAccess.LinkFileList (in target 'CameraAccess' from project 'CameraAccess')
    cd /Users/fwz233/Project/turbometa-rayban-ai
    write-file /Users/fwz233/Project/turbometa-rayban-ai/build/Build/Intermediates.noindex/CameraAccess.build/Release-iphoneos/CameraAccess.build/Objects-normal/arm64/CameraAccess.LinkFileList

WriteAuxiliaryFile /Users/fwz233/Project/turbometa-rayban-ai/build/Build/Intermediates.noindex/CameraAccess.build/Release-iphoneos/CameraAccess.build/Objects-normal/arm64/CameraAccess_const_extract_protocols.json (in target 'CameraAccess' from project 'CameraAccess')
    cd /Users/fwz233/Project/turbometa-rayban-ai
    write-file /Users/fwz233/Project/turbometa-rayban-ai/build/Build/Intermediates.noindex/CameraAccess.build/Release-iphoneos/CameraAccess.build/Objects-normal/arm64/CameraAccess_const_extract_protocols.json

WriteAuxiliaryFile /Users/fwz233/Project/turbometa-rayban-ai/build/Build/Intermediates.noindex/CameraAccess.build/Release-iphoneos/CameraAccess.build/Objects-normal/arm64/CameraAccess-OutputFileMap.json (in target 'CameraAccess' from project 'CameraAccess')
    cd /Users/fwz233/Project/turbometa-rayban-ai
    write-file /Users/fwz233/Project/turbometa-rayban-ai/build/Build/Intermediates.noindex/CameraAccess.build/Release-iphoneos/CameraAccess.build/Objects-normal/arm64/CameraAccess-OutputFileMap.json

WriteAuxiliaryFile /Users/fwz233/Project/turbometa-rayban-ai/build/Build/Intermediates.noindex/CameraAccess.build/Release-iphoneos/CameraAccess.build/CameraAccess.hmap (in target 'CameraAccess' from project 'CameraAccess')
    cd /Users/fwz233/Project/turbometa-rayban-ai
    write-file /Users/fwz233/Project/turbometa-rayban-ai/build/Build/Intermediates.noindex/CameraAccess.build/Release-iphoneos/CameraAccess.build/CameraAccess.hmap

WriteAuxiliaryFile /Users/fwz233/Project/turbometa-rayban-ai/build/Build/Intermediates.noindex/CameraAccess.build/Release-iphoneos/CameraAccess.build/CameraAccess.DependencyStaticMetadataFileList (in target 'CameraAccess' from project 'CameraAccess')
    cd /Users/fwz233/Project/turbometa-rayban-ai
    write-file /Users/fwz233/Project/turbometa-rayban-ai/build/Build/Intermediates.noindex/CameraAccess.build/Release-iphoneos/CameraAccess.build/CameraAccess.DependencyStaticMetadataFileList

WriteAuxiliaryFile /Users/fwz233/Project/turbometa-rayban-ai/build/Build/Intermediates.noindex/CameraAccess.build/Release-iphoneos/CameraAccess.build/Objects-normal/arm64/CameraAccess.SwiftConstValuesFileList (in target 'CameraAccess' from project 'CameraAccess')
    cd /Users/fwz233/Project/turbometa-rayban-ai
    write-file /Users/fwz233/Project/turbometa-rayban-ai/build/Build/Intermediates.noindex/CameraAccess.build/Release-iphoneos/CameraAccess.build/Objects-normal/arm64/CameraAccess.SwiftConstValuesFileList

WriteAuxiliaryFile /Users/fwz233/Project/turbometa-rayban-ai/build/Build/Intermediates.noindex/CameraAccess.build/Release-iphoneos/CameraAccess.build/CameraAccess.DependencyMetadataFileList (in target 'CameraAccess' from project 'CameraAccess')
    cd /Users/fwz233/Project/turbometa-rayban-ai
    write-file /Users/fwz233/Project/turbometa-rayban-ai/build/Build/Intermediates.noindex/CameraAccess.build/Release-iphoneos/CameraAccess.build/CameraAccess.DependencyMetadataFileList

WriteAuxiliaryFile /Users/fwz233/Project/turbometa-rayban-ai/build/Build/Intermediates.noindex/CameraAccess.build/Release-iphoneos/CameraAccess.build/CameraAccess-project-headers.hmap (in target 'CameraAccess' from project 'CameraAccess')
    cd /Users/fwz233/Project/turbometa-rayban-ai
    write-file /Users/fwz233/Project/turbometa-rayban-ai/build/Build/Intermediates.noindex/CameraAccess.build/Release-iphoneos/CameraAccess.build/CameraAccess-project-headers.hmap

WriteAuxiliaryFile /Users/fwz233/Project/turbometa-rayban-ai/build/Build/Intermediates.noindex/CameraAccess.build/Release-iphoneos/CameraAccess.build/CameraAccess-own-target-headers.hmap (in target 'CameraAccess' from project 'CameraAccess')
    cd /Users/fwz233/Project/turbometa-rayban-ai
    write-file /Users/fwz233/Project/turbometa-rayban-ai/build/Build/Intermediates.noindex/CameraAccess.build/Release-iphoneos/CameraAccess.build/CameraAccess-own-target-headers.hmap

WriteAuxiliaryFile /Users/fwz233/Project/turbometa-rayban-ai/build/Build/Intermediates.noindex/CameraAccess.build/Release-iphoneos/CameraAccess.build/CameraAccess-generated-files.hmap (in target 'CameraAccess' from project 'CameraAccess')
    cd /Users/fwz233/Project/turbometa-rayban-ai
    write-file /Users/fwz233/Project/turbometa-rayban-ai/build/Build/Intermediates.noindex/CameraAccess.build/Release-iphoneos/CameraAccess.build/CameraAccess-generated-files.hmap

WriteAuxiliaryFile /Users/fwz233/Project/turbometa-rayban-ai/build/Build/Intermediates.noindex/CameraAccess.build/Release-iphoneos/CameraAccess.build/CameraAccess-all-target-headers.hmap (in target 'CameraAccess' from project 'CameraAccess')
    cd /Users/fwz233/Project/turbometa-rayban-ai
    write-file /Users/fwz233/Project/turbometa-rayban-ai/build/Build/Intermediates.noindex/CameraAccess.build/Release-iphoneos/CameraAccess.build/CameraAccess-all-target-headers.hmap

WriteAuxiliaryFile /Users/fwz233/Project/turbometa-rayban-ai/build/Build/Intermediates.noindex/CameraAccess.build/Release-iphoneos/CameraAccess.build/CameraAccess-all-non-framework-target-headers.hmap (in target 'CameraAccess' from project 'CameraAccess')
    cd /Users/fwz233/Project/turbometa-rayban-ai
    write-file /Users/fwz233/Project/turbometa-rayban-ai/build/Build/Intermediates.noindex/CameraAccess.build/Release-iphoneos/CameraAccess.build/CameraAccess-all-non-framework-target-headers.hmap

MkDir /Users/fwz233/Project/turbometa-rayban-ai/build/Build/Products/Release-iphoneos/CameraAccess.app (in target 'CameraAccess' from project 'CameraAccess')
    cd /Users/fwz233/Project/turbometa-rayban-ai
    /bin/mkdir -p /Users/fwz233/Project/turbometa-rayban-ai/build/Build/Products/Release-iphoneos/CameraAccess.app

MkDir /Users/fwz233/Project/turbometa-rayban-ai/build/Build/Products/Release-iphoneos/CameraAccess.app/Frameworks (in target 'CameraAccess' from project 'CameraAccess')
    cd /Users/fwz233/Project/turbometa-rayban-ai
    /bin/mkdir -p /Users/fwz233/Project/turbometa-rayban-ai/build/Build/Products/Release-iphoneos/CameraAccess.app/Frameworks

MkDir /Users/fwz233/Project/turbometa-rayban-ai/build/Build/Intermediates.noindex/CameraAccess.build/Release-iphoneos/CameraAccess.build/assetcatalog_output/unthinned (in target 'CameraAccess' from project 'CameraAccess')
    cd /Users/fwz233/Project/turbometa-rayban-ai
    /bin/mkdir -p /Users/fwz233/Project/turbometa-rayban-ai/build/Build/Intermediates.noindex/CameraAccess.build/Release-iphoneos/CameraAccess.build/assetcatalog_output/unthinned

MkDir /Users/fwz233/Project/turbometa-rayban-ai/build/Build/Intermediates.noindex/CameraAccess.build/Release-iphoneos/CameraAccess.build/assetcatalog_output/thinned (in target 'CameraAccess' from project 'CameraAccess')
    cd /Users/fwz233/Project/turbometa-rayban-ai
    /bin/mkdir -p /Users/fwz233/Project/turbometa-rayban-ai/build/Build/Intermediates.noindex/CameraAccess.build/Release-iphoneos/CameraAccess.build/assetcatalog_output/thinned

GenerateAssetSymbols /Users/fwz233/Project/turbometa-rayban-ai/CameraAccess/Assets.xcassets (in target 'CameraAccess' from project 'CameraAccess')
    cd /Users/fwz233/Project/turbometa-rayban-ai
    /Applications/Xcode.app/Contents/Developer/usr/bin/actool /Users/fwz233/Project/turbometa-rayban-ai/CameraAccess/Assets.xcassets --compile /Users/fwz233/Project/turbometa-rayban-ai/build/Build/Products/Release-iphoneos/CameraAccess.app --output-format human-readable-text --notices --warnings --export-dependency-info /Users/fwz233/Project/turbometa-rayban-ai/build/Build/Intermediates.noindex/CameraAccess.build/Release-iphoneos/CameraAccess.build/assetcatalog_dependencies --output-partial-info-plist /Users/fwz233/Project/turbometa-rayban-ai/build/Build/Intermediates.noindex/CameraAccess.build/Release-iphoneos/CameraAccess.build/assetcatalog_generated_info.plist --app-icon AppIcon --accent-color AccentColor --compress-pngs --enable-on-demand-resources YES --development-region en --target-device iphone --target-device ipad --minimum-deployment-target 17.0 --platform iphoneos --bundle-identifier com.meta.wearables.external.CameraAccess --generate-swift-asset-symbols /Users/fwz233/Project/turbometa-rayban-ai/build/Build/Intermediates.noindex/CameraAccess.build/Release-iphoneos/CameraAccess.build/DerivedSources/GeneratedAssetSymbols.swift --generate-objc-asset-symbols /Users/fwz233/Project/turbometa-rayban-ai/build/Build/Intermediates.noindex/CameraAccess.build/Release-iphoneos/CameraAccess.build/DerivedSources/GeneratedAssetSymbols.h --generate-asset-symbol-index /Users/fwz233/Project/turbometa-rayban-ai/build/Build/Intermediates.noindex/CameraAccess.build/Release-iphoneos/CameraAccess.build/DerivedSources/GeneratedAssetSymbols-Index.plist
/* com.apple.actool.compilation-results */
/Users/fwz233/Project/turbometa-rayban-ai/build/Build/Intermediates.noindex/CameraAccess.build/Release-iphoneos/CameraAccess.build/DerivedSources/GeneratedAssetSymbols-Index.plist
/Users/fwz233/Project/turbometa-rayban-ai/build/Build/Intermediates.noindex/CameraAccess.build/Release-iphoneos/CameraAccess.build/DerivedSources/GeneratedAssetSymbols.h
/Users/fwz233/Project/turbometa-rayban-ai/build/Build/Intermediates.noindex/CameraAccess.build/Release-iphoneos/CameraAccess.build/DerivedSources/GeneratedAssetSymbols.swift


CopyStringsFile /Users/fwz233/Project/turbometa-rayban-ai/build/Build/Products/Release-iphoneos/CameraAccess.app/zh-Hans.lproj/Localizable.strings /Users/fwz233/Project/turbometa-rayban-ai/CameraAccess/zh-Hans.lproj/Localizable.strings (in target 'CameraAccess' from project 'CameraAccess')
    cd /Users/fwz233/Project/turbometa-rayban-ai
    builtin-copyStrings --validate --outputencoding binary --outfilename Localizable.strings --outdir /Users/fwz233/Project/turbometa-rayban-ai/build/Build/Products/Release-iphoneos/CameraAccess.app/zh-Hans.lproj -- /Users/fwz233/Project/turbometa-rayban-ai/CameraAccess/zh-Hans.lproj/Localizable.strings
/Users/fwz233/Project/turbometa-rayban-ai/CameraAccess/zh-Hans.lproj/Localizable.strings:1:1: note: detected encoding of input file as Unicode (UTF-8) (in target 'CameraAccess' from project 'CameraAccess')

CopyStringsFile /Users/fwz233/Project/turbometa-rayban-ai/build/Build/Products/Release-iphoneos/CameraAccess.app/en.lproj/Localizable.strings /Users/fwz233/Project/turbometa-rayban-ai/CameraAccess/en.lproj/Localizable.strings (in target 'CameraAccess' from project 'CameraAccess')
    cd /Users/fwz233/Project/turbometa-rayban-ai
    builtin-copyStrings --validate --outputencoding binary --outfilename Localizable.strings --outdir /Users/fwz233/Project/turbometa-rayban-ai/build/Build/Products/Release-iphoneos/CameraAccess.app/en.lproj -- /Users/fwz233/Project/turbometa-rayban-ai/CameraAccess/en.lproj/Localizable.strings
/Users/fwz233/Project/turbometa-rayban-ai/CameraAccess/en.lproj/Localizable.strings:1:1: note: detected encoding of input file as Unicode (UTF-8) (in target 'CameraAccess' from project 'CameraAccess')

Copy /Users/fwz233/Project/turbometa-rayban-ai/build/Build/Products/Release-iphoneos/CameraAccess.app/Frameworks/MWDATMockDevice.framework /Users/fwz233/Project/turbometa-rayban-ai/build/SourcePackages/checkouts/meta-wearables-dat-ios/MWDATMockDevice.xcframework/ios-arm64/MWDATMockDevice.framework (in target 'CameraAccess' from project 'CameraAccess')
    cd /Users/fwz233/Project/turbometa-rayban-ai
    builtin-copy -exclude .DS_Store -exclude CVS -exclude .svn -exclude .git -exclude .hg -exclude Headers -exclude PrivateHeaders -exclude Modules -exclude \*.tbd -bitcode-strip all -bitcode-strip-tool /Applications/Xcode.app/Contents/Developer/Toolchains/XcodeDefault.xctoolchain/usr/bin/bitcode_strip -resolve-src-symlinks -remove-static-executable /Users/fwz233/Project/turbometa-rayban-ai/build/SourcePackages/checkouts/meta-wearables-dat-ios/MWDATMockDevice.xcframework/ios-arm64/MWDATMockDevice.framework /Users/fwz233/Project/turbometa-rayban-ai/build/Build/Products/Release-iphoneos/CameraAccess.app/Frameworks
/Applications/Xcode.app/Contents/Developer/Toolchains/XcodeDefault.xctoolchain/usr/bin/bitcode_strip /Users/fwz233/Project/turbometa-rayban-ai/build/SourcePackages/checkouts/meta-wearables-dat-ios/MWDATMockDevice.xcframework/ios-arm64/MWDATMockDevice.framework/MWDATMockDevice -r -o /Users/fwz233/Project/turbometa-rayban-ai/build/Build/Products/Release-iphoneos/CameraAccess.app/Frameworks/MWDATMockDevice.framework/MWDATMockDevice

Copy /Users/fwz233/Project/turbometa-rayban-ai/build/Build/Products/Release-iphoneos/CameraAccess.app/Frameworks/MWDATCore.framework /Users/fwz233/Project/turbometa-rayban-ai/build/SourcePackages/checkouts/meta-wearables-dat-ios/MWDATCore.xcframework/ios-arm64/MWDATCore.framework (in target 'CameraAccess' from project 'CameraAccess')
    cd /Users/fwz233/Project/turbometa-rayban-ai
    builtin-copy -exclude .DS_Store -exclude CVS -exclude .svn -exclude .git -exclude .hg -exclude Headers -exclude PrivateHeaders -exclude Modules -exclude \*.tbd -bitcode-strip all -bitcode-strip-tool /Applications/Xcode.app/Contents/Developer/Toolchains/XcodeDefault.xctoolchain/usr/bin/bitcode_strip -resolve-src-symlinks -remove-static-executable /Users/fwz233/Project/turbometa-rayban-ai/build/SourcePackages/checkouts/meta-wearables-dat-ios/MWDATCore.xcframework/ios-arm64/MWDATCore.framework /Users/fwz233/Project/turbometa-rayban-ai/build/Build/Products/Release-iphoneos/CameraAccess.app/Frameworks
/Applications/Xcode.app/Contents/Developer/Toolchains/XcodeDefault.xctoolchain/usr/bin/bitcode_strip /Users/fwz233/Project/turbometa-rayban-ai/build/SourcePackages/checkouts/meta-wearables-dat-ios/MWDATCore.xcframework/ios-arm64/MWDATCore.framework/MWDATCore -r -o /Users/fwz233/Project/turbometa-rayban-ai/build/Build/Products/Release-iphoneos/CameraAccess.app/Frameworks/MWDATCore.framework/MWDATCore

Copy /Users/fwz233/Project/turbometa-rayban-ai/build/Build/Products/Release-iphoneos/CameraAccess.app/Frameworks/MWDATCamera.framework /Users/fwz233/Project/turbometa-rayban-ai/build/SourcePackages/checkouts/meta-wearables-dat-ios/MWDATCamera.xcframework/ios-arm64/MWDATCamera.framework (in target 'CameraAccess' from project 'CameraAccess')
    cd /Users/fwz233/Project/turbometa-rayban-ai
    builtin-copy -exclude .DS_Store -exclude CVS -exclude .svn -exclude .git -exclude .hg -exclude Headers -exclude PrivateHeaders -exclude Modules -exclude \*.tbd -bitcode-strip all -bitcode-strip-tool /Applications/Xcode.app/Contents/Developer/Toolchains/XcodeDefault.xctoolchain/usr/bin/bitcode_strip -resolve-src-symlinks -remove-static-executable /Users/fwz233/Project/turbometa-rayban-ai/build/SourcePackages/checkouts/meta-wearables-dat-ios/MWDATCamera.xcframework/ios-arm64/MWDATCamera.framework /Users/fwz233/Project/turbometa-rayban-ai/build/Build/Products/Release-iphoneos/CameraAccess.app/Frameworks
/Applications/Xcode.app/Contents/Developer/Toolchains/XcodeDefault.xctoolchain/usr/bin/bitcode_strip /Users/fwz233/Project/turbometa-rayban-ai/build/SourcePackages/checkouts/meta-wearables-dat-ios/MWDATCamera.xcframework/ios-arm64/MWDATCamera.framework/MWDATCamera -r -o /Users/fwz233/Project/turbometa-rayban-ai/build/Build/Products/Release-iphoneos/CameraAccess.app/Frameworks/MWDATCamera.framework/MWDATCamera

CompileAssetCatalogVariant thinned /Users/fwz233/Project/turbometa-rayban-ai/build/Build/Products/Release-iphoneos/CameraAccess.app /Users/fwz233/Project/turbometa-rayban-ai/CameraAccess/Assets.xcassets (in target 'CameraAccess' from project 'CameraAccess')
    cd /Users/fwz233/Project/turbometa-rayban-ai
    /Applications/Xcode.app/Contents/Developer/usr/bin/actool /Users/fwz233/Project/turbometa-rayban-ai/CameraAccess/Assets.xcassets --compile /Users/fwz233/Project/turbometa-rayban-ai/build/Build/Intermediates.noindex/CameraAccess.build/Release-iphoneos/CameraAccess.build/assetcatalog_output/thinned --output-format human-readable-text --notices --warnings --export-dependency-info /Users/fwz233/Project/turbometa-rayban-ai/build/Build/Intermediates.noindex/CameraAccess.build/Release-iphoneos/CameraAccess.build/assetcatalog_dependencies_thinned --output-partial-info-plist /Users/fwz233/Project/turbometa-rayban-ai/build/Build/Intermediates.noindex/CameraAccess.build/Release-iphoneos/CameraAccess.build/assetcatalog_generated_info.plist_thinned --app-icon AppIcon --accent-color AccentColor --compress-pngs --enable-on-demand-resources YES --development-region en --target-device iphone --target-device ipad --minimum-deployment-target 17.0 --platform iphoneos
/* com.apple.actool.compilation-results */
/Users/fwz233/Project/turbometa-rayban-ai/build/Build/Intermediates.noindex/CameraAccess.build/Release-iphoneos/CameraAccess.build/assetcatalog_generated_info.plist_thinned
/Users/fwz233/Project/turbometa-rayban-ai/build/Build/Intermediates.noindex/CameraAccess.build/Release-iphoneos/CameraAccess.build/assetcatalog_output/thinned/AppIcon60x60@2x.png
/Users/fwz233/Project/turbometa-rayban-ai/build/Build/Intermediates.noindex/CameraAccess.build/Release-iphoneos/CameraAccess.build/assetcatalog_output/thinned/AppIcon76x76@2x~ipad.png
/Users/fwz233/Project/turbometa-rayban-ai/build/Build/Intermediates.noindex/CameraAccess.build/Release-iphoneos/CameraAccess.build/assetcatalog_output/thinned/Assets.car


SwiftDriver CameraAccess normal arm64 com.apple.xcode.tools.swift.compiler (in target 'CameraAccess' from project 'CameraAccess')
    cd /Users/fwz233/Project/turbometa-rayban-ai
    builtin-SwiftDriver -- /Applications/Xcode.app/Contents/Developer/Toolchains/XcodeDefault.xctoolchain/usr/bin/swiftc -module-name CameraAccess -O -whole-module-optimization -enforce-exclusivity\=checked @/Users/fwz233/Project/turbometa-rayban-ai/build/Build/Intermediates.noindex/CameraAccess.build/Release-iphoneos/CameraAccess.build/Objects-normal/arm64/CameraAccess.SwiftFileList -enable-bare-slash-regex -enable-experimental-feature DebugDescriptionMacro -sdk /Applications/Xcode.app/Contents/Developer/Platforms/iPhoneOS.platform/Developer/SDKs/iPhoneOS26.1.sdk -target arm64-apple-ios17.0 -g -module-cache-path /Users/fwz233/Project/turbometa-rayban-ai/build/ModuleCache.noindex -Xfrontend -serialize-debugging-options -profile-coverage-mapping -profile-generate -swift-version 5 -I /Users/fwz233/Project/turbometa-rayban-ai/build/Build/Products/Release-iphoneos -F /Users/fwz233/Project/turbometa-rayban-ai/build/Build/Products/Release-iphoneos -c -num-threads 8 -Xcc -ivfsstatcache -Xcc /Users/fwz233/Project/turbometa-rayban-ai/build/SDKStatCaches.noindex/iphoneos26.1-23B77-69b33fc7382b27d9b5d46e82a00f8e78.sdkstatcache -output-file-map /Users/fwz233/Project/turbometa-rayban-ai/build/Build/Intermediates.noindex/CameraAccess.build/Release-iphoneos/CameraAccess.build/Objects-normal/arm64/CameraAccess-OutputFileMap.json -use-frontend-parseable-output -save-temps -no-color-diagnostics -explicit-module-build -module-cache-path /Users/fwz233/Project/turbometa-rayban-ai/build/Build/Intermediates.noindex/SwiftExplicitPrecompiledModules -clang-scanner-module-cache-path /Users/fwz233/Project/turbometa-rayban-ai/build/ModuleCache.noindex -sdk-module-cache-path /Users/fwz233/Project/turbometa-rayban-ai/build/ModuleCache.noindex -serialize-diagnostics -emit-dependencies -emit-module -emit-module-path /Users/fwz233/Project/turbometa-rayban-ai/build/Build/Intermediates.noindex/CameraAccess.build/Release-iphoneos/CameraAccess.build/Objects-normal/arm64/CameraAccess.swiftmodule -validate-clang-modules-once -clang-build-session-file /Users/fwz233/Project/turbometa-rayban-ai/build/ModuleCache.noindex/Session.modulevalidation -Xcc -I/Users/fwz233/Project/turbometa-rayban-ai/build/Build/Intermediates.noindex/CameraAccess.build/Release-iphoneos/CameraAccess.build/swift-overrides.hmap -emit-const-values -Xfrontend -const-gather-protocols-file -Xfrontend /Users/fwz233/Project/turbometa-rayban-ai/build/Build/Intermediates.noindex/CameraAccess.build/Release-iphoneos/CameraAccess.build/Objects-normal/arm64/CameraAccess_const_extract_protocols.json -Xcc -iquote -Xcc /Users/fwz233/Project/turbometa-rayban-ai/build/Build/Intermediates.noindex/CameraAccess.build/Release-iphoneos/CameraAccess.build/CameraAccess-generated-files.hmap -Xcc -I/Users/fwz233/Project/turbometa-rayban-ai/build/Build/Intermediates.noindex/CameraAccess.build/Release-iphoneos/CameraAccess.build/CameraAccess-own-target-headers.hmap -Xcc -I/Users/fwz233/Project/turbometa-rayban-ai/build/Build/Intermediates.noindex/CameraAccess.build/Release-iphoneos/CameraAccess.build/CameraAccess-all-target-headers.hmap -Xcc -iquote -Xcc /Users/fwz233/Project/turbometa-rayban-ai/build/Build/Intermediates.noindex/CameraAccess.build/Release-iphoneos/CameraAccess.build/CameraAccess-project-headers.hmap -Xcc -I/Users/fwz233/Project/turbometa-rayban-ai/build/Build/Products/Release-iphoneos/include -Xcc -I/Users/fwz233/Project/turbometa-rayban-ai/build/Build/Intermediates.noindex/CameraAccess.build/Release-iphoneos/CameraAccess.build/DerivedSources-normal/arm64 -Xcc -I/Users/fwz233/Project/turbometa-rayban-ai/build/Build/Intermediates.noindex/CameraAccess.build/Release-iphoneos/CameraAccess.build/DerivedSources/arm64 -Xcc -I/Users/fwz233/Project/turbometa-rayban-ai/build/Build/Intermediates.noindex/CameraAccess.build/Release-iphoneos/CameraAccess.build/DerivedSources -emit-objc-header -emit-objc-header-path /Users/fwz233/Project/turbometa-rayban-ai/build/Build/Intermediates.noindex/CameraAccess.build/Release-iphoneos/CameraAccess.build/Objects-normal/arm64/CameraAccess-Swift.h -working-directory /Users/fwz233/Project/turbometa-rayban-ai -no-emit-module-separately-wmo

SwiftDriver\ Compilation CameraAccess normal arm64 com.apple.xcode.tools.swift.compiler (in target 'CameraAccess' from project 'CameraAccess')
    cd /Users/fwz233/Project/turbometa-rayban-ai
    builtin-Swift-Compilation -- /Applications/Xcode.app/Contents/Developer/Toolchains/XcodeDefault.xctoolchain/usr/bin/swiftc -module-name CameraAccess -O -whole-module-optimization -enforce-exclusivity\=checked @/Users/fwz233/Project/turbometa-rayban-ai/build/Build/Intermediates.noindex/CameraAccess.build/Release-iphoneos/CameraAccess.build/Objects-normal/arm64/CameraAccess.SwiftFileList -enable-bare-slash-regex -enable-experimental-feature DebugDescriptionMacro -sdk /Applications/Xcode.app/Contents/Developer/Platforms/iPhoneOS.platform/Developer/SDKs/iPhoneOS26.1.sdk -target arm64-apple-ios17.0 -g -module-cache-path /Users/fwz233/Project/turbometa-rayban-ai/build/ModuleCache.noindex -Xfrontend -serialize-debugging-options -profile-coverage-mapping -profile-generate -swift-version 5 -I /Users/fwz233/Project/turbometa-rayban-ai/build/Build/Products/Release-iphoneos -F /Users/fwz233/Project/turbometa-rayban-ai/build/Build/Products/Release-iphoneos -c -num-threads 8 -Xcc -ivfsstatcache -Xcc /Users/fwz233/Project/turbometa-rayban-ai/build/SDKStatCaches.noindex/iphoneos26.1-23B77-69b33fc7382b27d9b5d46e82a00f8e78.sdkstatcache -output-file-map /Users/fwz233/Project/turbometa-rayban-ai/build/Build/Intermediates.noindex/CameraAccess.build/Release-iphoneos/CameraAccess.build/Objects-normal/arm64/CameraAccess-OutputFileMap.json -use-frontend-parseable-output -save-temps -no-color-diagnostics -explicit-module-build -module-cache-path /Users/fwz233/Project/turbometa-rayban-ai/build/Build/Intermediates.noindex/SwiftExplicitPrecompiledModules -clang-scanner-module-cache-path /Users/fwz233/Project/turbometa-rayban-ai/build/ModuleCache.noindex -sdk-module-cache-path /Users/fwz233/Project/turbometa-rayban-ai/build/ModuleCache.noindex -serialize-diagnostics -emit-dependencies -emit-module -emit-module-path /Users/fwz233/Project/turbometa-rayban-ai/build/Build/Intermediates.noindex/CameraAccess.build/Release-iphoneos/CameraAccess.build/Objects-normal/arm64/CameraAccess.swiftmodule -validate-clang-modules-once -clang-build-session-file /Users/fwz233/Project/turbometa-rayban-ai/build/ModuleCache.noindex/Session.modulevalidation -Xcc -I/Users/fwz233/Project/turbometa-rayban-ai/build/Build/Intermediates.noindex/CameraAccess.build/Release-iphoneos/CameraAccess.build/swift-overrides.hmap -emit-const-values -Xfrontend -const-gather-protocols-file -Xfrontend /Users/fwz233/Project/turbometa-rayban-ai/build/Build/Intermediates.noindex/CameraAccess.build/Release-iphoneos/CameraAccess.build/Objects-normal/arm64/CameraAccess_const_extract_protocols.json -Xcc -iquote -Xcc /Users/fwz233/Project/turbometa-rayban-ai/build/Build/Intermediates.noindex/CameraAccess.build/Release-iphoneos/CameraAccess.build/CameraAccess-generated-files.hmap -Xcc -I/Users/fwz233/Project/turbometa-rayban-ai/build/Build/Intermediates.noindex/CameraAccess.build/Release-iphoneos/CameraAccess.build/CameraAccess-own-target-headers.hmap -Xcc -I/Users/fwz233/Project/turbometa-rayban-ai/build/Build/Intermediates.noindex/CameraAccess.build/Release-iphoneos/CameraAccess.build/CameraAccess-all-target-headers.hmap -Xcc -iquote -Xcc /Users/fwz233/Project/turbometa-rayban-ai/build/Build/Intermediates.noindex/CameraAccess.build/Release-iphoneos/CameraAccess.build/CameraAccess-project-headers.hmap -Xcc -I/Users/fwz233/Project/turbometa-rayban-ai/build/Build/Products/Release-iphoneos/include -Xcc -I/Users/fwz233/Project/turbometa-rayban-ai/build/Build/Intermediates.noindex/CameraAccess.build/Release-iphoneos/CameraAccess.build/DerivedSources-normal/arm64 -Xcc -I/Users/fwz233/Project/turbometa-rayban-ai/build/Build/Intermediates.noindex/CameraAccess.build/Release-iphoneos/CameraAccess.build/DerivedSources/arm64 -Xcc -I/Users/fwz233/Project/turbometa-rayban-ai/build/Build/Intermediates.noindex/CameraAccess.build/Release-iphoneos/CameraAccess.build/DerivedSources -emit-objc-header -emit-objc-header-path /Users/fwz233/Project/turbometa-rayban-ai/build/Build/Intermediates.noindex/CameraAccess.build/Release-iphoneos/CameraAccess.build/Objects-normal/arm64/CameraAccess-Swift.h -working-directory /Users/fwz233/Project/turbometa-rayban-ai -no-emit-module-separately-wmo

SwiftExplicitDependencyGeneratePcm arm64 /Users/fwz233/Project/turbometa-rayban-ai/build/ModuleCache.noindex/_Builtin_stddef-CUYLWSC7HNZTE7FAVM0PCS0L0.pcm

SwiftExplicitDependencyGeneratePcm arm64 /Users/fwz233/Project/turbometa-rayban-ai/build/ModuleCache.noindex/ptrauth-DJW19XQCBQYA062PTUFRE2Z92.pcm

SwiftExplicitDependencyGeneratePcm arm64 /Users/fwz233/Project/turbometa-rayban-ai/build/ModuleCache.noindex/_SwiftConcurrencyShims-58T3IPPKS0KMSRGD4SOKSTUXF.pcm

SwiftExplicitDependencyGeneratePcm arm64 /Users/fwz233/Project/turbometa-rayban-ai/build/ModuleCache.noindex/DeveloperToolsSupport-6D3KIAFCDO0UEMTQQWX850Q9C.pcm

SwiftExplicitDependencyGeneratePcm arm64 /Users/fwz233/Project/turbometa-rayban-ai/build/ModuleCache.noindex/ptrcheck-45KK1U87Y4DS4UZXWZBY5SK77.pcm

SwiftExplicitDependencyGeneratePcm arm64 /Users/fwz233/Project/turbometa-rayban-ai/build/ModuleCache.noindex/SwiftShims-7E5HP5ZQ38IR7NWGGPVELP686.pcm

SwiftExplicitDependencyGeneratePcm arm64 /Users/fwz233/Project/turbometa-rayban-ai/build/ModuleCache.noindex/_AvailabilityInternal-1BV2X4E7DISUGR4M28KUQEWBA.pcm

SwiftExplicitDependencyGeneratePcm arm64 /Users/fwz233/Project/turbometa-rayban-ai/build/ModuleCache.noindex/_Builtin_stdbool-DB2SJIDGYOCEVZ0MQHPHXYREI.pcm

SwiftExplicitDependencyGeneratePcm arm64 /Users/fwz233/Project/turbometa-rayban-ai/build/ModuleCache.noindex/_Builtin_stdarg-4OCET9V0WM989T5DN837H0070.pcm

SwiftExplicitDependencyGeneratePcm arm64 /Users/fwz233/Project/turbometa-rayban-ai/build/ModuleCache.noindex/_Builtin_float-9MTBOXM2NP2LXF6BTZHFBM1JL.pcm

SwiftExplicitDependencyGeneratePcm arm64 /Users/fwz233/Project/turbometa-rayban-ai/build/ModuleCache.noindex/_DarwinFoundation1-2NA5B1FQZ99XXJ7VEYCL3UY91.pcm

SwiftExplicitDependencyGeneratePcm arm64 /Users/fwz233/Project/turbometa-rayban-ai/build/ModuleCache.noindex/_DarwinFoundation2-61Q1DIL1AHNRXOY7GRLJDR7UC.pcm

SwiftExplicitDependencyGeneratePcm arm64 /Users/fwz233/Project/turbometa-rayban-ai/build/ModuleCache.noindex/ExtensionFoundation-1UFB3IJKM221OMDE6ZBQV51EM.pcm

SwiftExplicitDependencyGeneratePcm arm64 /Users/fwz233/Project/turbometa-rayban-ai/build/ModuleCache.noindex/_Builtin_limits-96KUUMCLH30HTE98E35ZC9C31.pcm

SwiftExplicitDependencyGeneratePcm arm64 /Users/fwz233/Project/turbometa-rayban-ai/build/ModuleCache.noindex/sys_types-7HI4JUIBF39MU4T5VACQ1V8RZ.pcm

SwiftExplicitDependencyGeneratePcm arm64 /Users/fwz233/Project/turbometa-rayban-ai/build/ModuleCache.noindex/_Builtin_stdint-14PGZFVNMYE1YYPK6W0K63UQV.pcm

SwiftExplicitDependencyGeneratePcm arm64 /Users/fwz233/Project/turbometa-rayban-ai/build/ModuleCache.noindex/_Builtin_tgmath-EFYS7SS0L5CIT4U1HDE59ALME.pcm

SwiftExplicitDependencyGeneratePcm arm64 /Users/fwz233/Project/turbometa-rayban-ai/build/ModuleCache.noindex/_Builtin_intrinsics-PB1BW8R2EVQTQ1T5PL9G8NCK.pcm

SwiftExplicitDependencyGeneratePcm arm64 /Users/fwz233/Project/turbometa-rayban-ai/build/ModuleCache.noindex/_Builtin_stdatomic-BMTTXFCE7UT2S17VZH2RG76EN.pcm

SwiftExplicitDependencyGeneratePcm arm64 /Users/fwz233/Project/turbometa-rayban-ai/build/ModuleCache.noindex/_DarwinFoundation3-4S1BK3HKQVDA5HXYYY0XR40PC.pcm

SwiftExplicitDependencyGeneratePcm arm64 /Users/fwz233/Project/turbometa-rayban-ai/build/ModuleCache.noindex/_Builtin_inttypes-2E1ISO03EVLXK5C8AC15RAI7U.pcm

SwiftExplicitDependencyGeneratePcm arm64 /Users/fwz233/Project/turbometa-rayban-ai/build/ModuleCache.noindex/Darwin-5PNNDIC0ADK8HMFZJPBNCZ9QT.pcm

SwiftExplicitDependencyGeneratePcm arm64 /Users/fwz233/Project/turbometa-rayban-ai/build/ModuleCache.noindex/simd-7AMX3OST99GLA6GHNXZS7E0B5.pcm

SwiftExplicitDependencyGeneratePcm arm64 /Users/fwz233/Project/turbometa-rayban-ai/build/ModuleCache.noindex/MachO-39HJH3CKLELZBB6H2G31R8923.pcm

SwiftExplicitDependencyGeneratePcm arm64 /Users/fwz233/Project/turbometa-rayban-ai/build/ModuleCache.noindex/ObjectiveC-7FIK283GVR98P6DT5F26U3OTD.pcm

SwiftExplicitDependencyGeneratePcm arm64 /Users/fwz233/Project/turbometa-rayban-ai/build/ModuleCache.noindex/os_object-B4SREXS6EOX7MBN78G0AIUGQH.pcm

SwiftExplicitDependencyGeneratePcm arm64 /Users/fwz233/Project/turbometa-rayban-ai/build/ModuleCache.noindex/os_workgroup-F0AHRVPY1Z8I24YUOKM40MAY4.pcm

SwiftExplicitDependencyGeneratePcm arm64 /Users/fwz233/Project/turbometa-rayban-ai/build/ModuleCache.noindex/Dispatch-1TM67OQ2AMG3JJ5CG6CIDP7KJ.pcm

SwiftExplicitDependencyGeneratePcm arm64 /Users/fwz233/Project/turbometa-rayban-ai/build/ModuleCache.noindex/Spatial-96M44YNLHIPWR2AQA8O51TXYV.pcm

SwiftExplicitDependencyGeneratePcm arm64 /Users/fwz233/Project/turbometa-rayban-ai/build/ModuleCache.noindex/CoreFoundation-5A9FY4AW2KR7TXTDKLVJ7PAGS.pcm

SwiftExplicitDependencyGeneratePcm arm64 /Users/fwz233/Project/turbometa-rayban-ai/build/ModuleCache.noindex/XPC-1X369K8TVJTUGN4RNPVE3NCTO.pcm

SwiftExplicitDependencyGeneratePcm arm64 /Users/fwz233/Project/turbometa-rayban-ai/build/ModuleCache.noindex/dnssd-6AV0BFLJWEC6AGRHVCSSA9J2H.pcm

SwiftExplicitDependencyGeneratePcm arm64 /Users/fwz233/Project/turbometa-rayban-ai/build/ModuleCache.noindex/os-5FL13HWX4ITGGDIOLNNDY97L3.pcm

SwiftExplicitDependencyGeneratePcm arm64 /Users/fwz233/Project/turbometa-rayban-ai/build/ModuleCache.noindex/Security-3WM4LQVPHWORQXJLY4AQRXN2X.pcm

SwiftExplicitDependencyGeneratePcm arm64 /Users/fwz233/Project/turbometa-rayban-ai/build/ModuleCache.noindex/CoreGraphics-XZW1C8VIY47K18I44F7AWOOO.pcm

SwiftExplicitDependencyGeneratePcm arm64 /Users/fwz233/Project/turbometa-rayban-ai/build/ModuleCache.noindex/CoreAudioTypes-7HE8LX35V6JSMM3DT9HI36CV6.pcm

SwiftExplicitDependencyGeneratePcm arm64 /Users/fwz233/Project/turbometa-rayban-ai/build/ModuleCache.noindex/CFNetwork-30YKQWXXHH2YQH9OSFZDT3QP5.pcm

SwiftExplicitDependencyGeneratePcm arm64 /Users/fwz233/Project/turbometa-rayban-ai/build/ModuleCache.noindex/CoreAudio-AYVVP11UO2NG9EIHIODQ758PF.pcm

SwiftExplicitDependencyGeneratePcm arm64 /Users/fwz233/Project/turbometa-rayban-ai/build/ModuleCache.noindex/Foundation-6IAAAM4LL3TA0A2Z0SKXIXOYB.pcm

SwiftExplicitDependencyGeneratePcm arm64 /Users/fwz233/Project/turbometa-rayban-ai/build/ModuleCache.noindex/ImageIO-DIEYRNDBQI96P1GCMPEKK7HWY.pcm

SwiftExplicitDependencyGeneratePcm arm64 /Users/fwz233/Project/turbometa-rayban-ai/build/ModuleCache.noindex/CoreText-8KS1BCX9HWY1WGI289CG1SNSO.pcm

SwiftExplicitDependencyGeneratePcm arm64 /Users/fwz233/Project/turbometa-rayban-ai/build/ModuleCache.noindex/CoreBluetooth-92P4702JDBO2E1I47U128R12O.pcm

SwiftExplicitDependencyGeneratePcm arm64 /Users/fwz233/Project/turbometa-rayban-ai/build/ModuleCache.noindex/DataDetection-48XLNA6MD5LIG9XY8GXMDIRZL.pcm

SwiftExplicitDependencyGeneratePcm arm64 /Users/fwz233/Project/turbometa-rayban-ai/build/ModuleCache.noindex/UserNotifications-DAOG4CJUG7F7W95VBCD8QF1FT.pcm

SwiftExplicitDependencyGeneratePcm arm64 /Users/fwz233/Project/turbometa-rayban-ai/build/ModuleCache.noindex/LocalAuthentication-AXHP7XK35C4DD2JT1WDC3XOO0.pcm

SwiftExplicitDependencyGeneratePcm arm64 /Users/fwz233/Project/turbometa-rayban-ai/build/ModuleCache.noindex/CoreTransferable-3HSVHYS96AL074IPVW420ZFTF.pcm

SwiftExplicitDependencyGeneratePcm arm64 /Users/fwz233/Project/turbometa-rayban-ai/build/ModuleCache.noindex/CoreMIDI-6KGE0J9OKXWUINZPBEL4IY4C2.pcm

SwiftExplicitDependencyGeneratePcm arm64 /Users/fwz233/Project/turbometa-rayban-ai/build/ModuleCache.noindex/CoreData-9METVLX2SSJUET6136GR5RH7R.pcm

SwiftExplicitDependencyGeneratePcm arm64 /Users/fwz233/Project/turbometa-rayban-ai/build/ModuleCache.noindex/Accessibility-DYSQ55QYYWUT0UCF93HTFHBKH.pcm

SwiftExplicitDependencyGeneratePcm arm64 /Users/fwz233/Project/turbometa-rayban-ai/build/ModuleCache.noindex/_LocationEssentials-30O4K0EZ8Q1YMXULUJWPDLO6B.pcm

SwiftExplicitDependencyGeneratePcm arm64 /Users/fwz233/Project/turbometa-rayban-ai/build/ModuleCache.noindex/IOSurface-BUD4ZW0THNCA48PZ03SN216PK.pcm

SwiftExplicitDependencyGeneratePcm arm64 /Users/fwz233/Project/turbometa-rayban-ai/build/ModuleCache.noindex/Network-E1EPDL2RI2X2UM02RBX7K8RBT.pcm

SwiftExplicitDependencyGeneratePcm arm64 /Users/fwz233/Project/turbometa-rayban-ai/build/ModuleCache.noindex/OSLog-13ZX5R21H3VI56WI4OPEMXN7Z.pcm

SwiftExplicitDependencyGeneratePcm arm64 /Users/fwz233/Project/turbometa-rayban-ai/build/ModuleCache.noindex/UniformTypeIdentifiers-7E4OXO5BGW13LCC8UJ9WBDCJ4.pcm

SwiftExplicitDependencyGeneratePcm arm64 /Users/fwz233/Project/turbometa-rayban-ai/build/ModuleCache.noindex/AudioToolbox-B1FA17DQ68Z53O2VNPHP643BW.pcm

SwiftExplicitDependencyGeneratePcm arm64 /Users/fwz233/Project/turbometa-rayban-ai/build/ModuleCache.noindex/Symbols-4JA6QGZ41PXJTDC2ZHT5UV502.pcm

SwiftExplicitDependencyGeneratePcm arm64 /Users/fwz233/Project/turbometa-rayban-ai/build/ModuleCache.noindex/CoreLocation-4OJGQO3APQK8A3F3VQKK6AHZL.pcm

SwiftExplicitDependencyGeneratePcm arm64 /Users/fwz233/Project/turbometa-rayban-ai/build/ModuleCache.noindex/FileProvider-8STGXRHZQQ4RV7WUYOOPD3RBJ.pcm

SwiftExplicitDependencyGeneratePcm arm64 /Users/fwz233/Project/turbometa-rayban-ai/build/ModuleCache.noindex/OpenGLES-5UP8VLX9V9PCK6U8OG3B2BBKM.pcm

SwiftExplicitDependencyGeneratePcm arm64 /Users/fwz233/Project/turbometa-rayban-ai/build/ModuleCache.noindex/UIUtilities-8IRL8LT1OURJX8WMFRLDNE7PF.pcm

SwiftExplicitDependencyGeneratePcm arm64 /Users/fwz233/Project/turbometa-rayban-ai/build/ModuleCache.noindex/Metal-3PDM3949LYTJKH8C3YC8MV68.pcm

SwiftExplicitDependencyGeneratePcm arm64 /Users/fwz233/Project/turbometa-rayban-ai/build/ModuleCache.noindex/AVRouting-EO5I7TKV4MPUMVMR8QXEKJZGR.pcm

SwiftExplicitDependencyGeneratePcm arm64 /Users/fwz233/Project/turbometa-rayban-ai/build/ModuleCache.noindex/CoreVideo-7G5C51PVP7C8CUKK2VROVML7L.pcm

SwiftExplicitDependencyGeneratePcm arm64 /Users/fwz233/Project/turbometa-rayban-ai/build/ModuleCache.noindex/QuartzCore-7NE9CFZP4QILB4DPC09TTDWKN.pcm

SwiftExplicitDependencyGeneratePcm arm64 /Users/fwz233/Project/turbometa-rayban-ai/build/ModuleCache.noindex/CoreMedia-9IGUGWBQ9A0XOC550TBHCZ2AQ.pcm

SwiftExplicitDependencyGeneratePcm arm64 /Users/fwz233/Project/turbometa-rayban-ai/build/ModuleCache.noindex/CoreImage-DTMIP9M77ZX5B46VHOSRA4CVY.pcm

SwiftExplicitDependencyGeneratePcm arm64 /Users/fwz233/Project/turbometa-rayban-ai/build/ModuleCache.noindex/SwiftUICore-5I9P4PYCG42AKJUR8ERID8JLV.pcm

SwiftExplicitDependencyGeneratePcm arm64 /Users/fwz233/Project/turbometa-rayban-ai/build/ModuleCache.noindex/AVFAudio-C0GIK5S1DNXMEO5TOCUA1BU6S.pcm

SwiftExplicitDependencyGeneratePcm arm64 /Users/fwz233/Project/turbometa-rayban-ai/build/ModuleCache.noindex/MediaToolbox-DZNBBA0O7ADCFHZ31DZOJZCEH.pcm

SwiftExplicitDependencyGeneratePcm arm64 /Users/fwz233/Project/turbometa-rayban-ai/build/ModuleCache.noindex/UIKit-3EVVB9EXWP80L8M8JPU4A0H7P.pcm

SwiftExplicitDependencyGeneratePcm arm64 /Users/fwz233/Project/turbometa-rayban-ai/build/ModuleCache.noindex/AVFoundation-3IAFJEHEIQYETXLX05W4PL31V.pcm

SwiftExplicitDependencyGeneratePcm arm64 /Users/fwz233/Project/turbometa-rayban-ai/build/ModuleCache.noindex/Photos-CMZK73QJ4W6CJYOPJBKA0I4T1.pcm

SwiftExplicitDependencyGeneratePcm arm64 /Users/fwz233/Project/turbometa-rayban-ai/build/ModuleCache.noindex/SwiftUI-DOB082KHGPKCT8D89C7CORHH.pcm

SwiftExplicitDependencyCompileModuleFromInterface arm64 /Users/fwz233/Project/turbometa-rayban-ai/build/Build/Intermediates.noindex/SwiftExplicitPrecompiledModules/MWDATCore-2IQ4ZCI6LV36U.swiftmodule

SwiftExplicitDependencyCompileModuleFromInterface arm64 /Users/fwz233/Project/turbometa-rayban-ai/build/Build/Intermediates.noindex/SwiftExplicitPrecompiledModules/MWDATCamera-4CWIVDVFFTD.swiftmodule

SwiftCompile normal arm64 Compiling\ TurboMetaApp.swift,\ ConversationDetailView.swift,\ CircleButton.swift,\ CustomButton.swift,\ StreamSessionViewModel.swift,\ PermissionsManager.swift,\ VisionAPIService.swift,\ ConversationRecord.swift,\ DesignSystem.swift,\ StatusText.swift,\ MockDeviceKitButton.swift,\ RecordsView.swift,\ MediaPickerView.swift,\ NonStreamView.swift,\ VisionRecognitionView.swift,\ APIKeyManager.swift,\ RegistrationView.swift,\ LeanEatService.swift,\ MainTabView.swift,\ LiveAIView.swift,\ MainAppView.swift,\ DebugMenuView.swift,\ MockDeviceKitViewModel.swift,\ LeanEatViewModel.swift,\ VisionRecognitionViewModel.swift,\ WearablesViewModel.swift,\ StreamView.swift,\ LeanEatView.swift,\ PhotoPreviewView.swift,\ StreamSessionView.swift,\ MockDeviceViewModel.swift,\ ConversationStorage.swift,\ SimpleLiveStreamView.swift,\ DebugMenuViewModel.swift,\ FoodNutritionModel.swift,\ OmniRealtimeView.swift,\ VisionAPIConfig.swift,\ TimeUtils.swift,\ SettingsView.swift,\ PermissionsRequestView.swift,\ CardView.swift,\ MockDeviceKitView.swift,\ OmniRealtimeViewModel.swift,\ GalleryView.swift,\ MockDeviceCardView.swift,\ TurboMetaHomeView.swift,\ OmniRealtimeService.swift,\ HomeScreenView.swift,\ GeneratedAssetSymbols.swift /Users/fwz233/Project/turbometa-rayban-ai/CameraAccess/TurboMetaApp.swift /Users/fwz233/Project/turbometa-rayban-ai/CameraAccess/Views/ConversationDetailView.swift /Users/fwz233/Project/turbometa-rayban-ai/CameraAccess/Views/Components/CircleButton.swift /Users/fwz233/Project/turbometa-rayban-ai/CameraAccess/Views/Components/CustomButton.swift /Users/fwz233/Project/turbometa-rayban-ai/CameraAccess/ViewModels/StreamSessionViewModel.swift /Users/fwz233/Project/turbometa-rayban-ai/CameraAccess/Utils/PermissionsManager.swift /Users/fwz233/Project/turbometa-rayban-ai/CameraAccess/Services/VisionAPIService.swift /Users/fwz233/Project/turbometa-rayban-ai/CameraAccess/Models/ConversationRecord.swift /Users/fwz233/Project/turbometa-rayban-ai/CameraAccess/Utilities/DesignSystem.swift /Users/fwz233/Project/turbometa-rayban-ai/CameraAccess/Views/Components/StatusText.swift /Users/fwz233/Project/turbometa-rayban-ai/CameraAccess/Views/MockDeviceKit/MockDeviceKitButton.swift /Users/fwz233/Project/turbometa-rayban-ai/CameraAccess/Views/RecordsView.swift /Users/fwz233/Project/turbometa-rayban-ai/CameraAccess/Views/Components/MediaPickerView.swift /Users/fwz233/Project/turbometa-rayban-ai/CameraAccess/Views/NonStreamView.swift /Users/fwz233/Project/turbometa-rayban-ai/CameraAccess/Views/VisionRecognitionView.swift /Users/fwz233/Project/turbometa-rayban-ai/CameraAccess/Utils/APIKeyManager.swift /Users/fwz233/Project/turbometa-rayban-ai/CameraAccess/Views/RegistrationView.swift /Users/fwz233/Project/turbometa-rayban-ai/CameraAccess/Services/LeanEatService.swift /Users/fwz233/Project/turbometa-rayban-ai/CameraAccess/Views/MainTabView.swift /Users/fwz233/Project/turbometa-rayban-ai/CameraAccess/Views/LiveAIView.swift /Users/fwz233/Project/turbometa-rayban-ai/CameraAccess/Views/MainAppView.swift /Users/fwz233/Project/turbometa-rayban-ai/CameraAccess/Views/DebugMenuView.swift /Users/fwz233/Project/turbometa-rayban-ai/CameraAccess/ViewModels/MockDeviceKit/MockDeviceKitViewModel.swift /Users/fwz233/Project/turbometa-rayban-ai/CameraAccess/ViewModels/LeanEatViewModel.swift /Users/fwz233/Project/turbometa-rayban-ai/CameraAccess/ViewModels/VisionRecognitionViewModel.swift /Users/fwz233/Project/turbometa-rayban-ai/CameraAccess/ViewModels/WearablesViewModel.swift /Users/fwz233/Project/turbometa-rayban-ai/CameraAccess/Views/StreamView.swift /Users/fwz233/Project/turbometa-rayban-ai/CameraAccess/Views/LeanEatView.swift /Users/fwz233/Project/turbometa-rayban-ai/CameraAccess/Views/PhotoPreviewView.swift /Users/fwz233/Project/turbometa-rayban-ai/CameraAccess/Views/StreamSessionView.swift /Users/fwz233/Project/turbometa-rayban-ai/CameraAccess/ViewModels/MockDeviceKit/MockDeviceViewModel.swift /Users/fwz233/Project/turbometa-rayban-ai/CameraAccess/Services/ConversationStorage.swift /Users/fwz233/Project/turbometa-rayban-ai/CameraAccess/Views/SimpleLiveStreamView.swift /Users/fwz233/Project/turbometa-rayban-ai/CameraAccess/ViewModels/DebugMenuViewModel.swift /Users/fwz233/Project/turbometa-rayban-ai/CameraAccess/Models/FoodNutritionModel.swift /Users/fwz233/Project/turbometa-rayban-ai/CameraAccess/Views/OmniRealtimeView.swift /Users/fwz233/Project/turbometa-rayban-ai/CameraAccess/Services/VisionAPIConfig.swift /Users/fwz233/Project/turbometa-rayban-ai/CameraAccess/Utils/TimeUtils.swift /Users/fwz233/Project/turbometa-rayban-ai/CameraAccess/Views/SettingsView.swift /Users/fwz233/Project/turbometa-rayban-ai/CameraAccess/Views/PermissionsRequestView.swift /Users/fwz233/Project/turbometa-rayban-ai/CameraAccess/Views/Components/CardView.swift /Users/fwz233/Project/turbometa-rayban-ai/CameraAccess/Views/MockDeviceKit/MockDeviceKitView.swift /Users/fwz233/Project/turbometa-rayban-ai/CameraAccess/ViewModels/OmniRealtimeViewModel.swift /Users/fwz233/Project/turbometa-rayban-ai/CameraAccess/Views/GalleryView.swift /Users/fwz233/Project/turbometa-rayban-ai/CameraAccess/Views/MockDeviceKit/MockDeviceCardView.swift /Users/fwz233/Project/turbometa-rayban-ai/CameraAccess/Views/TurboMetaHomeView.swift /Users/fwz233/Project/turbometa-rayban-ai/CameraAccess/Services/OmniRealtimeService.swift /Users/fwz233/Project/turbometa-rayban-ai/CameraAccess/Views/HomeScreenView.swift /Users/fwz233/Project/turbometa-rayban-ai/build/Build/Intermediates.noindex/CameraAccess.build/Release-iphoneos/CameraAccess.build/DerivedSources/GeneratedAssetSymbols.swift /Applications/Xcode.app/Contents/Developer/Toolchains/XcodeDefault.xctoolchain/usr/lib/swift/iphoneos/prebuilt-modules/26.1/ExtensionFoundation.swiftmodule/arm64e-apple-ios.swiftmodule /Applications/Xcode.app/Contents/Developer/Toolchains/XcodeDefault.xctoolchain/usr/lib/swift/iphoneos/prebuilt-modules/26.1/_StringProcessing.swiftmodule/arm64e-apple-ios.swiftmodule /Applications/Xcode.app/Contents/Developer/Toolchains/XcodeDefault.xctoolchain/usr/lib/swift/iphoneos/prebuilt-modules/26.1/_DarwinFoundation1.swiftmodule/arm64e-apple-ios.swiftmodule /Applications/Xcode.app/Contents/Developer/Toolchains/XcodeDefault.xctoolchain/usr/lib/swift/iphoneos/prebuilt-modules/26.1/CoreFoundation.swiftmodule/arm64e-apple-ios.swiftmodule /Applications/Xcode.app/Contents/Developer/Toolchains/XcodeDefault.xctoolchain/usr/lib/swift/iphoneos/prebuilt-modules/26.1/Swift.swiftmodule/arm64e-apple-ios.swiftmodule /Applications/Xcode.app/Contents/Developer/Toolchains/XcodeDefault.xctoolchain/usr/lib/swift/iphoneos/prebuilt-modules/26.1/Darwin.swiftmodule/arm64e-apple-ios.swiftmodule /Applications/Xcode.app/Contents/Developer/Toolchains/XcodeDefault.xctoolchain/usr/lib/swift/iphoneos/prebuilt-modules/26.1/AudioToolbox.swiftmodule/arm64e-apple-ios.swiftmodule /Applications/Xcode.app/Contents/Developer/Toolchains/XcodeDefault.xctoolchain/usr/lib/swift/iphoneos/prebuilt-modules/26.1/Dispatch.swiftmodule/arm64e-apple-ios.swiftmodule /Applications/Xcode.app/Contents/Developer/Toolchains/XcodeDefault.xctoolchain/usr/lib/swift/iphoneos/prebuilt-modules/26.1/os.swiftmodule/arm64e-apple-ios.swiftmodule /Applications/Xcode.app/Contents/Developer/Toolchains/XcodeDefault.xctoolchain/usr/lib/swift/iphoneos/prebuilt-modules/26.1/AVFoundation.swiftmodule/arm64e-apple-ios.swiftmodule /Applications/Xcode.app/Contents/Developer/Toolchains/XcodeDefault.xctoolchain/usr/lib/swift/iphoneos/prebuilt-modules/26.1/_DarwinFoundation2.swiftmodule/arm64e-apple-ios.swiftmodule /Applications/Xcode.app/Contents/Developer/Toolchains/XcodeDefault.xctoolchain/usr/lib/swift/iphoneos/prebuilt-modules/26.1/_DarwinFoundation3.swiftmodule/arm64e-apple-ios.swiftmodule /Applications/Xcode.app/Contents/Developer/Toolchains/XcodeDefault.xctoolchain/usr/lib/swift/iphoneos/prebuilt-modules/26.1/CoreImage.swiftmodule/arm64e-apple-ios.swiftmodule /Applications/Xcode.app/Contents/Developer/Toolchains/XcodeDefault.xctoolchain/usr/lib/swift/iphoneos/prebuilt-modules/26.1/Photos.swiftmodule/arm64e-apple-ios.swiftmodule /Applications/Xcode.app/Contents/Developer/Toolchains/XcodeDefault.xctoolchain/usr/lib/swift/iphoneos/prebuilt-modules/26.1/Network.swiftmodule/arm64e-apple-ios.swiftmodule /Applications/Xcode.app/Contents/Developer/Toolchains/XcodeDefault.xctoolchain/usr/lib/swift/iphoneos/prebuilt-modules/26.1/Observation.swiftmodule/arm64e-apple-ios.swiftmodule /Applications/Xcode.app/Contents/Developer/Toolchains/XcodeDefault.xctoolchain/usr/lib/swift/iphoneos/prebuilt-modules/26.1/Symbols.swiftmodule/arm64e-apple-ios.swiftmodule /Applications/Xcode.app/Contents/Developer/Toolchains/XcodeDefault.xctoolchain/usr/lib/swift/iphoneos/prebuilt-modules/26.1/UIKit.swiftmodule/arm64e-apple-ios.swiftmodule /Applications/Xcode.app/Contents/Developer/Toolchains/XcodeDefault.xctoolchain/usr/lib/swift/iphoneos/prebuilt-modules/26.1/CoreData.swiftmodule/arm64e-apple-ios.swiftmodule /Applications/Xcode.app/Contents/Developer/Toolchains/XcodeDefault.xctoolchain/usr/lib/swift/iphoneos/prebuilt-modules/26.1/CoreVideo.swiftmodule/arm64e-apple-ios.swiftmodule /Applications/Xcode.app/Contents/Developer/Toolchains/XcodeDefault.xctoolchain/usr/lib/swift/iphoneos/prebuilt-modules/26.1/Distributed.swiftmodule/arm64e-apple-ios.swiftmodule /Applications/Xcode.app/Contents/Developer/Toolchains/XcodeDefault.xctoolchain/usr/lib/swift/iphoneos/prebuilt-modules/26.1/CoreTransferable.swiftmodule/arm64e-apple-ios.swiftmodule /Applications/Xcode.app/Contents/Developer/Toolchains/XcodeDefault.xctoolchain/usr/lib/swift/iphoneos/prebuilt-modules/26.1/UniformTypeIdentifiers.swiftmodule/arm64e-apple-ios.swiftmodule /Applications/Xcode.app/Contents/Developer/Toolchains/XcodeDefault.xctoolchain/usr/lib/swift/iphoneos/prebuilt-modules/26.1/DeveloperToolsSupport.swiftmodule/arm64e-apple-ios.swiftmodule /Applications/Xcode.app/Contents/Developer/Toolchains/XcodeDefault.xctoolchain/usr/lib/swift/iphoneos/prebuilt-modules/26.1/CryptoKit.swiftmodule/arm64e-apple-ios.swiftmodule /Applications/Xcode.app/Contents/Developer/Toolchains/XcodeDefault.xctoolchain/usr/lib/swift/iphoneos/prebuilt-modules/26.1/QuartzCore.swiftmodule/arm64e-apple-ios.swiftmodule /Applications/Xcode.app/Contents/Developer/Toolchains/XcodeDefault.xctoolchain/usr/lib/swift/iphoneos/prebuilt-modules/26.1/simd.swiftmodule/arm64e-apple-ios.swiftmodule /Applications/Xcode.app/Contents/Developer/Toolchains/XcodeDefault.xctoolchain/usr/lib/swift/iphoneos/prebuilt-modules/26.1/CoreAudio.swiftmodule/arm64e-apple-ios.swiftmodule /Applications/Xcode.app/Contents/Developer/Toolchains/XcodeDefault.xctoolchain/usr/lib/swift/iphoneos/prebuilt-modules/26.1/SwiftUI.swiftmodule/arm64e-apple-ios.swiftmodule /Applications/Xcode.app/Contents/Developer/Toolchains/XcodeDefault.xctoolchain/usr/lib/swift/iphoneos/prebuilt-modules/26.1/OSLog.swiftmodule/arm64e-apple-ios.swiftmodule /Applications/Xcode.app/Contents/Developer/Toolchains/XcodeDefault.xctoolchain/usr/lib/swift/iphoneos/prebuilt-modules/26.1/FileProvider.swiftmodule/arm64e-apple-ios.swiftmodule /Applications/Xcode.app/Contents/Developer/Toolchains/XcodeDefault.xctoolchain/usr/lib/swift/iphoneos/prebuilt-modules/26.1/Synchronization.swiftmodule/arm64e-apple-ios.swiftmodule /Applications/Xcode.app/Contents/Developer/Toolchains/XcodeDefault.xctoolchain/usr/lib/swift/iphoneos/prebuilt-modules/26.1/DataDetection.swiftmodule/arm64e-apple-ios.swiftmodule /Applications/Xcode.app/Contents/Developer/Toolchains/XcodeDefault.xctoolchain/usr/lib/swift/iphoneos/prebuilt-modules/26.1/CoreMIDI.swiftmodule/arm64e-apple-ios.swiftmodule /Applications/Xcode.app/Contents/Developer/Toolchains/XcodeDefault.xctoolchain/usr/lib/swift/iphoneos/prebuilt-modules/26.1/LocalAuthentication.swiftmodule/arm64e-apple-ios.swiftmodule /Applications/Xcode.app/Contents/Developer/Toolchains/XcodeDefault.xctoolchain/usr/lib/swift/iphoneos/prebuilt-modules/26.1/_Concurrency.swiftmodule/arm64e-apple-ios.swiftmodule /Applications/Xcode.app/Contents/Developer/Toolchains/XcodeDefault.xctoolchain/usr/lib/swift/iphoneos/prebuilt-modules/26.1/System.swiftmodule/arm64e-apple-ios.swiftmodule /Users/fwz233/Project/turbometa-rayban-ai/build/Build/Intermediates.noindex/SwiftExplicitPrecompiledModules/MWDATCamera-4CWIVDVFFTD.swiftmodule /Applications/Xcode.app/Contents/Developer/Toolchains/XcodeDefault.xctoolchain/usr/lib/swift/iphoneos/prebuilt-modules/26.1/CoreGraphics.swiftmodule/arm64e-apple-ios.swiftmodule /Applications/Xcode.app/Contents/Developer/Toolchains/XcodeDefault.xctoolchain/usr/lib/swift/iphoneos/prebuilt-modules/26.1/CoreMedia.swiftmodule/arm64e-apple-ios.swiftmodule /Applications/Xcode.app/Contents/Developer/Toolchains/XcodeDefault.xctoolchain/usr/lib/swift/iphoneos/prebuilt-modules/26.1/Accessibility.swiftmodule/arm64e-apple-ios.swiftmodule /Applications/Xcode.app/Contents/Developer/Toolchains/XcodeDefault.xctoolchain/usr/lib/swift/iphoneos/prebuilt-modules/26.1/Metal.swiftmodule/arm64e-apple-ios.swiftmodule /Applications/Xcode.app/Contents/Developer/Toolchains/XcodeDefault.xctoolchain/usr/lib/swift/iphoneos/prebuilt-modules/26.1/XPC.swiftmodule/arm64e-apple-ios.swiftmodule /Applications/Xcode.app/Contents/Developer/Toolchains/XcodeDefault.xctoolchain/usr/lib/swift/iphoneos/prebuilt-modules/26.1/Combine.swiftmodule/arm64e-apple-ios.swiftmodule /Applications/Xcode.app/Contents/Developer/Toolchains/XcodeDefault.xctoolchain/usr/lib/swift/iphoneos/prebuilt-modules/26.1/CoreLocation.swiftmodule/arm64e-apple-ios.swiftmodule /Users/fwz233/Project/turbometa-rayban-ai/build/Build/Intermediates.noindex/SwiftExplicitPrecompiledModules/MWDATCore-2IQ4ZCI6LV36U.swiftmodule /Applications/Xcode.app/Contents/Developer/Toolchains/XcodeDefault.xctoolchain/usr/lib/swift/iphoneos/prebuilt-modules/26.1/Spatial.swiftmodule/arm64e-apple-ios.swiftmodule /Applications/Xcode.app/Contents/Developer/Toolchains/XcodeDefault.xctoolchain/usr/lib/swift/iphoneos/prebuilt-modules/26.1/ObjectiveC.swiftmodule/arm64e-apple-ios.swiftmodule /Applications/Xcode.app/Contents/Developer/Toolchains/XcodeDefault.xctoolchain/usr/lib/swift/iphoneos/prebuilt-modules/26.1/Foundation.swiftmodule/arm64e-apple-ios.swiftmodule /Applications/Xcode.app/Contents/Developer/Toolchains/XcodeDefault.xctoolchain/usr/lib/swift/iphoneos/prebuilt-modules/26.1/_Builtin_float.swiftmodule/arm64e-apple-ios.swiftmodule /Applications/Xcode.app/Contents/Developer/Toolchains/XcodeDefault.xctoolchain/usr/lib/swift/iphoneos/prebuilt-modules/26.1/CoreText.swiftmodule/arm64e-apple-ios.swiftmodule /Applications/Xcode.app/Contents/Developer/Toolchains/XcodeDefault.xctoolchain/usr/lib/swift/iphoneos/prebuilt-modules/26.1/SwiftUICore.swiftmodule/arm64e-apple-ios.swiftmodule /Applications/Xcode.app/Contents/Developer/Toolchains/XcodeDefault.xctoolchain/usr/lib/swift/iphoneos/prebuilt-modules/26.1/AVFAudio.swiftmodule/arm64e-apple-ios.swiftmodule /Users/fwz233/Project/turbometa-rayban-ai/build/ModuleCache.noindex/UIKit-3EVVB9EXWP80L8M8JPU4A0H7P.pcm /Users/fwz233/Project/turbometa-rayban-ai/build/ModuleCache.noindex/_SwiftConcurrencyShims-58T3IPPKS0KMSRGD4SOKSTUXF.pcm /Users/fwz233/Project/turbometa-rayban-ai/build/ModuleCache.noindex/CoreMedia-9IGUGWBQ9A0XOC550TBHCZ2AQ.pcm /Users/fwz233/Project/turbometa-rayban-ai/build/ModuleCache.noindex/OSLog-13ZX5R21H3VI56WI4OPEMXN7Z.pcm /Users/fwz233/Project/turbometa-rayban-ai/build/ModuleCache.noindex/ExtensionFoundation-1UFB3IJKM221OMDE6ZBQV51EM.pcm /Users/fwz233/Project/turbometa-rayban-ai/build/ModuleCache.noindex/_Builtin_inttypes-2E1ISO03EVLXK5C8AC15RAI7U.pcm /Users/fwz233/Project/turbometa-rayban-ai/build/ModuleCache.noindex/CoreGraphics-XZW1C8VIY47K18I44F7AWOOO.pcm /Users/fwz233/Project/turbometa-rayban-ai/build/ModuleCache.noindex/CoreBluetooth-92P4702JDBO2E1I47U128R12O.pcm /Users/fwz233/Project/turbometa-rayban-ai/build/ModuleCache.noindex/Photos-CMZK73QJ4W6CJYOPJBKA0I4T1.pcm /Users/fwz233/Project/turbometa-rayban-ai/build/ModuleCache.noindex/CoreAudio-AYVVP11UO2NG9EIHIODQ758PF.pcm /Users/fwz233/Project/turbometa-rayban-ai/build/ModuleCache.noindex/Darwin-5PNNDIC0ADK8HMFZJPBNCZ9QT.pcm /Users/fwz233/Project/turbometa-rayban-ai/build/ModuleCache.noindex/AVFAudio-C0GIK5S1DNXMEO5TOCUA1BU6S.pcm /Users/fwz233/Project/turbometa-rayban-ai/build/ModuleCache.noindex/LocalAuthentication-AXHP7XK35C4DD2JT1WDC3XOO0.pcm /Users/fwz233/Project/turbometa-rayban-ai/build/ModuleCache.noindex/_Builtin_tgmath-EFYS7SS0L5CIT4U1HDE59ALME.pcm /Users/fwz233/Project/turbometa-rayban-ai/build/ModuleCache.noindex/CoreText-8KS1BCX9HWY1WGI289CG1SNSO.pcm /Users/fwz233/Project/turbometa-rayban-ai/build/ModuleCache.noindex/CoreLocation-4OJGQO3APQK8A3F3VQKK6AHZL.pcm /Users/fwz233/Project/turbometa-rayban-ai/build/ModuleCache.noindex/_Builtin_limits-96KUUMCLH30HTE98E35ZC9C31.pcm /Users/fwz233/Project/turbometa-rayban-ai/build/ModuleCache.noindex/UIUtilities-8IRL8LT1OURJX8WMFRLDNE7PF.pcm /Users/fwz233/Project/turbometa-rayban-ai/build/ModuleCache.noindex/_Builtin_stddef-CUYLWSC7HNZTE7FAVM0PCS0L0.pcm /Users/fwz233/Project/turbometa-rayban-ai/build/ModuleCache.noindex/_Builtin_intrinsics-PB1BW8R2EVQTQ1T5PL9G8NCK.pcm /Users/fwz233/Project/turbometa-rayban-ai/build/ModuleCache.noindex/Network-E1EPDL2RI2X2UM02RBX7K8RBT.pcm /Users/fwz233/Project/turbometa-rayban-ai/build/ModuleCache.noindex/QuartzCore-7NE9CFZP4QILB4DPC09TTDWKN.pcm /Users/fwz233/Project/turbometa-rayban-ai/build/ModuleCache.noindex/UserNotifications-DAOG4CJUG7F7W95VBCD8QF1FT.pcm /Users/fwz233/Project/turbometa-rayban-ai/build/ModuleCache.noindex/AVRouting-EO5I7TKV4MPUMVMR8QXEKJZGR.pcm /Users/fwz233/Project/turbometa-rayban-ai/build/ModuleCache.noindex/_Builtin_stdatomic-BMTTXFCE7UT2S17VZH2RG76EN.pcm /Users/fwz233/Project/turbometa-rayban-ai/build/ModuleCache.noindex/ptrcheck-45KK1U87Y4DS4UZXWZBY5SK77.pcm /Users/fwz233/Project/turbometa-rayban-ai/build/ModuleCache.noindex/CoreMIDI-6KGE0J9OKXWUINZPBEL4IY4C2.pcm /Users/fwz233/Project/turbometa-rayban-ai/build/ModuleCache.noindex/SwiftUI-DOB082KHGPKCT8D89C7CORHH.pcm /Users/fwz233/Project/turbometa-rayban-ai/build/ModuleCache.noindex/simd-7AMX3OST99GLA6GHNXZS7E0B5.pcm /Users/fwz233/Project/turbometa-rayban-ai/build/ModuleCache.noindex/Foundation-6IAAAM4LL3TA0A2Z0SKXIXOYB.pcm /Users/fwz233/Project/turbometa-rayban-ai/build/ModuleCache.noindex/FileProvider-8STGXRHZQQ4RV7WUYOOPD3RBJ.pcm /Users/fwz233/Project/turbometa-rayban-ai/build/ModuleCache.noindex/Dispatch-1TM67OQ2AMG3JJ5CG6CIDP7KJ.pcm /Users/fwz233/Project/turbometa-rayban-ai/build/ModuleCache.noindex/os-5FL13HWX4ITGGDIOLNNDY97L3.pcm /Users/fwz233/Project/turbometa-rayban-ai/build/ModuleCache.noindex/os_workgroup-F0AHRVPY1Z8I24YUOKM40MAY4.pcm /Users/fwz233/Project/turbometa-rayban-ai/build/ModuleCache.noindex/MachO-39HJH3CKLELZBB6H2G31R8923.pcm /Users/fwz233/Project/turbometa-rayban-ai/build/ModuleCache.noindex/ImageIO-DIEYRNDBQI96P1GCMPEKK7HWY.pcm /Users/fwz233/Project/turbometa-rayban-ai/build/ModuleCache.noindex/Symbols-4JA6QGZ41PXJTDC2ZHT5UV502.pcm /Users/fwz233/Project/turbometa-rayban-ai/build/ModuleCache.noindex/DataDetection-48XLNA6MD5LIG9XY8GXMDIRZL.pcm /Users/fwz233/Project/turbometa-rayban-ai/build/ModuleCache.noindex/_Builtin_stdbool-DB2SJIDGYOCEVZ0MQHPHXYREI.pcm /Users/fwz233/Project/turbometa-rayban-ai/build/ModuleCache.noindex/_DarwinFoundation3-4S1BK3HKQVDA5HXYYY0XR40PC.pcm /Users/fwz233/Project/turbometa-rayban-ai/build/ModuleCache.noindex/CFNetwork-30YKQWXXHH2YQH9OSFZDT3QP5.pcm /Users/fwz233/Project/turbometa-rayban-ai/build/ModuleCache.noindex/Metal-3PDM3949LYTJKH8C3YC8MV68.pcm /Users/fwz233/Project/turbometa-rayban-ai/build/ModuleCache.noindex/CoreImage-DTMIP9M77ZX5B46VHOSRA4CVY.pcm /Users/fwz233/Project/turbometa-rayban-ai/build/ModuleCache.noindex/CoreVideo-7G5C51PVP7C8CUKK2VROVML7L.pcm /Users/fwz233/Project/turbometa-rayban-ai/build/ModuleCache.noindex/_DarwinFoundation1-2NA5B1FQZ99XXJ7VEYCL3UY91.pcm /Users/fwz233/Project/turbometa-rayban-ai/build/ModuleCache.noindex/ObjectiveC-7FIK283GVR98P6DT5F26U3OTD.pcm /Users/fwz233/Project/turbometa-rayban-ai/build/ModuleCache.noindex/MediaToolbox-DZNBBA0O7ADCFHZ31DZOJZCEH.pcm /Users/fwz233/Project/turbometa-rayban-ai/build/ModuleCache.noindex/_LocationEssentials-30O4K0EZ8Q1YMXULUJWPDLO6B.pcm /Users/fwz233/Project/turbometa-rayban-ai/build/ModuleCache.noindex/Security-3WM4LQVPHWORQXJLY4AQRXN2X.pcm /Users/fwz233/Project/turbometa-rayban-ai/build/ModuleCache.noindex/DeveloperToolsSupport-6D3KIAFCDO0UEMTQQWX850Q9C.pcm /Users/fwz233/Project/turbometa-rayban-ai/build/ModuleCache.noindex/SwiftShims-7E5HP5ZQ38IR7NWGGPVELP686.pcm /Users/fwz233/Project/turbometa-rayban-ai/build/ModuleCache.noindex/CoreTransferable-3HSVHYS96AL074IPVW420ZFTF.pcm /Users/fwz233/Project/turbometa-rayban-ai/build/ModuleCache.noindex/OpenGLES-5UP8VLX9V9PCK6U8OG3B2BBKM.pcm /Users/fwz233/Project/turbometa-rayban-ai/build/ModuleCache.noindex/os_object-B4SREXS6EOX7MBN78G0AIUGQH.pcm /Users/fwz233/Project/turbometa-rayban-ai/build/ModuleCache.noindex/_Builtin_stdarg-4OCET9V0WM989T5DN837H0070.pcm /Users/fwz233/Project/turbometa-rayban-ai/build/ModuleCache.noindex/_Builtin_stdint-14PGZFVNMYE1YYPK6W0K63UQV.pcm /Users/fwz233/Project/turbometa-rayban-ai/build/ModuleCache.noindex/sys_types-7HI4JUIBF39MU4T5VACQ1V8RZ.pcm /Users/fwz233/Project/turbometa-rayban-ai/build/ModuleCache.noindex/_DarwinFoundation2-61Q1DIL1AHNRXOY7GRLJDR7UC.pcm /Users/fwz233/Project/turbometa-rayban-ai/build/ModuleCache.noindex/_AvailabilityInternal-1BV2X4E7DISUGR4M28KUQEWBA.pcm /Users/fwz233/Project/turbometa-rayban-ai/build/ModuleCache.noindex/ptrauth-DJW19XQCBQYA062PTUFRE2Z92.pcm /Users/fwz233/Project/turbometa-rayban-ai/build/ModuleCache.noindex/AudioToolbox-B1FA17DQ68Z53O2VNPHP643BW.pcm /Users/fwz233/Project/turbometa-rayban-ai/build/ModuleCache.noindex/XPC-1X369K8TVJTUGN4RNPVE3NCTO.pcm /Users/fwz233/Project/turbometa-rayban-ai/build/ModuleCache.noindex/CoreAudioTypes-7HE8LX35V6JSMM3DT9HI36CV6.pcm /Users/fwz233/Project/turbometa-rayban-ai/build/ModuleCache.noindex/Accessibility-DYSQ55QYYWUT0UCF93HTFHBKH.pcm /Users/fwz233/Project/turbometa-rayban-ai/build/ModuleCache.noindex/CoreFoundation-5A9FY4AW2KR7TXTDKLVJ7PAGS.pcm /Users/fwz233/Project/turbometa-rayban-ai/build/ModuleCache.noindex/Spatial-96M44YNLHIPWR2AQA8O51TXYV.pcm /Users/fwz233/Project/turbometa-rayban-ai/build/ModuleCache.noindex/SwiftUICore-5I9P4PYCG42AKJUR8ERID8JLV.pcm /Users/fwz233/Project/turbometa-rayban-ai/build/ModuleCache.noindex/CoreData-9METVLX2SSJUET6136GR5RH7R.pcm /Users/fwz233/Project/turbometa-rayban-ai/build/ModuleCache.noindex/AVFoundation-3IAFJEHEIQYETXLX05W4PL31V.pcm /Users/fwz233/Project/turbometa-rayban-ai/build/ModuleCache.noindex/UniformTypeIdentifiers-7E4OXO5BGW13LCC8UJ9WBDCJ4.pcm /Users/fwz233/Project/turbometa-rayban-ai/build/ModuleCache.noindex/IOSurface-BUD4ZW0THNCA48PZ03SN216PK.pcm /Users/fwz233/Project/turbometa-rayban-ai/build/ModuleCache.noindex/_Builtin_float-9MTBOXM2NP2LXF6BTZHFBM1JL.pcm /Users/fwz233/Project/turbometa-rayban-ai/build/ModuleCache.noindex/dnssd-6AV0BFLJWEC6AGRHVCSSA9J2H.pcm /Users/fwz233/Project/turbometa-rayban-ai/build/Build/Intermediates.noindex/CameraAccess.build/Release-iphoneos/CameraAccess.build/Objects-normal/arm64/CameraAccess-dependencies-1.json (in target 'CameraAccess' from project 'CameraAccess')

CompileSwift normal arm64 (in target 'CameraAccess' from project 'CameraAccess')
    cd /Users/fwz233/Project/turbometa-rayban-ai
    
/Users/fwz233/Project/turbometa-rayban-ai/CameraAccess/Utils/APIKeyManager.swift:25:9: warning: result of call to 'deleteAPIKey()' is unused
        deleteAPIKey()
        ^           ~~
/Users/fwz233/Project/turbometa-rayban-ai/CameraAccess/Views/LiveAIView.swift:69:26: warning: 'onChange(of:perform:)' was deprecated in iOS 17.0: Use `onChange` with a two or zero parameter action closure instead.
                        .onChange(of: viewModel.conversationHistory.count) { _ in
                         ^
/Users/fwz233/Project/turbometa-rayban-ai/CameraAccess/Views/LiveAIView.swift:76:26: warning: 'onChange(of:perform:)' was deprecated in iOS 17.0: Use `onChange` with a two or zero parameter action closure instead.
                        .onChange(of: viewModel.currentTranscript) { _ in
                         ^
/Users/fwz233/Project/turbometa-rayban-ai/CameraAccess/Views/LiveAIView.swift:110:48: warning: main actor-isolated property 'currentVideoFrame' can not be referenced from a Sendable closure
                if let frame = streamViewModel.currentVideoFrame {
                                               ^
/Users/fwz233/Project/turbometa-rayban-ai/CameraAccess/ViewModels/StreamSessionViewModel.swift:29:18: note: property declared here
  @Published var currentVideoFrame: UIImage?
                 ^
/Users/fwz233/Project/turbometa-rayban-ai/CameraAccess/Views/LiveAIView.swift:111:31: warning: call to main actor-isolated instance method 'updateVideoFrame' in a synchronous nonisolated context
                    viewModel.updateVideoFrame(frame)
                              ^
/Users/fwz233/Project/turbometa-rayban-ai/CameraAccess/ViewModels/OmniRealtimeViewModel.swift:180:10: note: calls to instance method 'updateVideoFrame' from outside of its actor context are implicitly asynchronous
    func updateVideoFrame(_ frame: UIImage) {
         ^
/Users/fwz233/Project/turbometa-rayban-ai/CameraAccess/Views/OmniRealtimeView.swift:57:22: warning: 'onChange(of:perform:)' was deprecated in iOS 17.0: Use `onChange` with a two or zero parameter action closure instead.
                    .onChange(of: viewModel.conversationHistory.count) { _ in
                     ^
/Users/fwz233/Project/turbometa-rayban-ai/CameraAccess/Views/OmniRealtimeView.swift:64:22: warning: 'onChange(of:perform:)' was deprecated in iOS 17.0: Use `onChange` with a two or zero parameter action closure instead.
                    .onChange(of: viewModel.currentTranscript) { _ in
                     ^
/Users/fwz233/Project/turbometa-rayban-ai/CameraAccess/Views/OmniRealtimeView.swift:79:48: warning: main actor-isolated property 'currentVideoFrame' can not be referenced from a Sendable closure
                if let frame = streamViewModel.currentVideoFrame {
                                               ^
/Users/fwz233/Project/turbometa-rayban-ai/CameraAccess/ViewModels/StreamSessionViewModel.swift:29:18: note: property declared here
  @Published var currentVideoFrame: UIImage?
                 ^
/Users/fwz233/Project/turbometa-rayban-ai/CameraAccess/Views/OmniRealtimeView.swift:80:31: warning: call to main actor-isolated instance method 'updateVideoFrame' in a synchronous nonisolated context
                    viewModel.updateVideoFrame(frame)
                              ^
/Users/fwz233/Project/turbometa-rayban-ai/CameraAccess/ViewModels/OmniRealtimeViewModel.swift:180:10: note: calls to instance method 'updateVideoFrame' from outside of its actor context are implicitly asynchronous
    func updateVideoFrame(_ frame: UIImage) {
         ^
/Users/fwz233/Project/turbometa-rayban-ai/CameraAccess/Views/SettingsView.swift:148:14: warning: 'onChange(of:perform:)' was deprecated in iOS 17.0: Use `onChange` with a two or zero parameter action closure instead.
            .onChange(of: showAPIKeySettings) { isShowing in
             ^
/Users/fwz233/Project/turbometa-rayban-ai/CameraAccess/ViewModels/OmniRealtimeViewModel.swift:110:43: warning: variable 'self' was written to, but never read
        omniService.onAudioDone = { [weak self] in
                                          ^
/Users/fwz233/Project/turbometa-rayban-ai/CameraAccess/Services/OmniRealtimeService.swift:224:87: warning: 'allowBluetooth' was deprecated in iOS 8.0: renamed to 'AVAudioSession.CategoryOptions.allowBluetoothHFP'
            try audioSession.setCategory(.playAndRecord, mode: .voiceChat, options: [.allowBluetooth, .allowBluetoothA2DP])
                                                                                      ^
/Users/fwz233/Project/turbometa-rayban-ai/CameraAccess/Services/OmniRealtimeService.swift:224:87: note: use 'AVAudioSession.CategoryOptions.allowBluetoothHFP' instead
            try audioSession.setCategory(.playAndRecord, mode: .voiceChat, options: [.allowBluetooth, .allowBluetoothA2DP])
                                                                                      ^~~~~~~~~~~~~~
                                                                                      AVAudioSession.CategoryOptions.allowBluetoothHFP
/Users/fwz233/Project/turbometa-rayban-ai/CameraAccess/Views/HomeScreenView.swift:151:6: warning: 'onChange(of:perform:)' was deprecated in iOS 17.0: Use `onChange` with a two or zero parameter action closure instead.
    .onChange(of: viewModel.registrationState) { newState in
     ^

SwiftDriverJobDiscovery normal arm64 Compiling TurboMetaApp.swift, ConversationDetailView.swift, CircleButton.swift, CustomButton.swift, StreamSessionViewModel.swift, PermissionsManager.swift, VisionAPIService.swift, ConversationRecord.swift, DesignSystem.swift, StatusText.swift, MockDeviceKitButton.swift, RecordsView.swift, MediaPickerView.swift, NonStreamView.swift, VisionRecognitionView.swift, APIKeyManager.swift, RegistrationView.swift, LeanEatService.swift, MainTabView.swift, LiveAIView.swift, MainAppView.swift, DebugMenuView.swift, MockDeviceKitViewModel.swift, LeanEatViewModel.swift, VisionRecognitionViewModel.swift, WearablesViewModel.swift, StreamView.swift, LeanEatView.swift, PhotoPreviewView.swift, StreamSessionView.swift, MockDeviceViewModel.swift, ConversationStorage.swift, SimpleLiveStreamView.swift, DebugMenuViewModel.swift, FoodNutritionModel.swift, OmniRealtimeView.swift, VisionAPIConfig.swift, TimeUtils.swift, SettingsView.swift, PermissionsRequestView.swift, CardView.swift, MockDeviceKitView.swift, OmniRealtimeViewModel.swift, GalleryView.swift, MockDeviceCardView.swift, TurboMetaHomeView.swift, OmniRealtimeService.swift, HomeScreenView.swift, GeneratedAssetSymbols.swift (in target 'CameraAccess' from project 'CameraAccess')

SwiftDriver\ Compilation\ Requirements CameraAccess normal arm64 com.apple.xcode.tools.swift.compiler (in target 'CameraAccess' from project 'CameraAccess')
    cd /Users/fwz233/Project/turbometa-rayban-ai
    builtin-Swift-Compilation-Requirements -- /Applications/Xcode.app/Contents/Developer/Toolchains/XcodeDefault.xctoolchain/usr/bin/swiftc -module-name CameraAccess -O -whole-module-optimization -enforce-exclusivity\=checked @/Users/fwz233/Project/turbometa-rayban-ai/build/Build/Intermediates.noindex/CameraAccess.build/Release-iphoneos/CameraAccess.build/Objects-normal/arm64/CameraAccess.SwiftFileList -enable-bare-slash-regex -enable-experimental-feature DebugDescriptionMacro -sdk /Applications/Xcode.app/Contents/Developer/Platforms/iPhoneOS.platform/Developer/SDKs/iPhoneOS26.1.sdk -target arm64-apple-ios17.0 -g -module-cache-path /Users/fwz233/Project/turbometa-rayban-ai/build/ModuleCache.noindex -Xfrontend -serialize-debugging-options -profile-coverage-mapping -profile-generate -swift-version 5 -I /Users/fwz233/Project/turbometa-rayban-ai/build/Build/Products/Release-iphoneos -F /Users/fwz233/Project/turbometa-rayban-ai/build/Build/Products/Release-iphoneos -c -num-threads 8 -Xcc -ivfsstatcache -Xcc /Users/fwz233/Project/turbometa-rayban-ai/build/SDKStatCaches.noindex/iphoneos26.1-23B77-69b33fc7382b27d9b5d46e82a00f8e78.sdkstatcache -output-file-map /Users/fwz233/Project/turbometa-rayban-ai/build/Build/Intermediates.noindex/CameraAccess.build/Release-iphoneos/CameraAccess.build/Objects-normal/arm64/CameraAccess-OutputFileMap.json -use-frontend-parseable-output -save-temps -no-color-diagnostics -explicit-module-build -module-cache-path /Users/fwz233/Project/turbometa-rayban-ai/build/Build/Intermediates.noindex/SwiftExplicitPrecompiledModules -clang-scanner-module-cache-path /Users/fwz233/Project/turbometa-rayban-ai/build/ModuleCache.noindex -sdk-module-cache-path /Users/fwz233/Project/turbometa-rayban-ai/build/ModuleCache.noindex -serialize-diagnostics -emit-dependencies -emit-module -emit-module-path /Users/fwz233/Project/turbometa-rayban-ai/build/Build/Intermediates.noindex/CameraAccess.build/Release-iphoneos/CameraAccess.build/Objects-normal/arm64/CameraAccess.swiftmodule -validate-clang-modules-once -clang-build-session-file /Users/fwz233/Project/turbometa-rayban-ai/build/ModuleCache.noindex/Session.modulevalidation -Xcc -I/Users/fwz233/Project/turbometa-rayban-ai/build/Build/Intermediates.noindex/CameraAccess.build/Release-iphoneos/CameraAccess.build/swift-overrides.hmap -emit-const-values -Xfrontend -const-gather-protocols-file -Xfrontend /Users/fwz233/Project/turbometa-rayban-ai/build/Build/Intermediates.noindex/CameraAccess.build/Release-iphoneos/CameraAccess.build/Objects-normal/arm64/CameraAccess_const_extract_protocols.json -Xcc -iquote -Xcc /Users/fwz233/Project/turbometa-rayban-ai/build/Build/Intermediates.noindex/CameraAccess.build/Release-iphoneos/CameraAccess.build/CameraAccess-generated-files.hmap -Xcc -I/Users/fwz233/Project/turbometa-rayban-ai/build/Build/Intermediates.noindex/CameraAccess.build/Release-iphoneos/CameraAccess.build/CameraAccess-own-target-headers.hmap -Xcc -I/Users/fwz233/Project/turbometa-rayban-ai/build/Build/Intermediates.noindex/CameraAccess.build/Release-iphoneos/CameraAccess.build/CameraAccess-all-target-headers.hmap -Xcc -iquote -Xcc /Users/fwz233/Project/turbometa-rayban-ai/build/Build/Intermediates.noindex/CameraAccess.build/Release-iphoneos/CameraAccess.build/CameraAccess-project-headers.hmap -Xcc -I/Users/fwz233/Project/turbometa-rayban-ai/build/Build/Products/Release-iphoneos/include -Xcc -I/Users/fwz233/Project/turbometa-rayban-ai/build/Build/Intermediates.noindex/CameraAccess.build/Release-iphoneos/CameraAccess.build/DerivedSources-normal/arm64 -Xcc -I/Users/fwz233/Project/turbometa-rayban-ai/build/Build/Intermediates.noindex/CameraAccess.build/Release-iphoneos/CameraAccess.build/DerivedSources/arm64 -Xcc -I/Users/fwz233/Project/turbometa-rayban-ai/build/Build/Intermediates.noindex/CameraAccess.build/Release-iphoneos/CameraAccess.build/DerivedSources -emit-objc-header -emit-objc-header-path /Users/fwz233/Project/turbometa-rayban-ai/build/Build/Intermediates.noindex/CameraAccess.build/Release-iphoneos/CameraAccess.build/Objects-normal/arm64/CameraAccess-Swift.h -working-directory /Users/fwz233/Project/turbometa-rayban-ai -no-emit-module-separately-wmo

SwiftMergeGeneratedHeaders /Users/fwz233/Project/turbometa-rayban-ai/build/Build/Intermediates.noindex/CameraAccess.build/Release-iphoneos/CameraAccess.build/DerivedSources/CameraAccess-Swift.h /Users/fwz233/Project/turbometa-rayban-ai/build/Build/Intermediates.noindex/CameraAccess.build/Release-iphoneos/CameraAccess.build/Objects-normal/arm64/CameraAccess-Swift.h (in target 'CameraAccess' from project 'CameraAccess')
    cd /Users/fwz233/Project/turbometa-rayban-ai
    builtin-swiftHeaderTool -arch arm64 /Users/fwz233/Project/turbometa-rayban-ai/build/Build/Intermediates.noindex/CameraAccess.build/Release-iphoneos/CameraAccess.build/Objects-normal/arm64/CameraAccess-Swift.h -o /Users/fwz233/Project/turbometa-rayban-ai/build/Build/Intermediates.noindex/CameraAccess.build/Release-iphoneos/CameraAccess.build/DerivedSources/CameraAccess-Swift.h

Copy /Users/fwz233/Project/turbometa-rayban-ai/build/Build/Products/Release-iphoneos/CameraAccess.swiftmodule/arm64-apple-ios.swiftmodule /Users/fwz233/Project/turbometa-rayban-ai/build/Build/Intermediates.noindex/CameraAccess.build/Release-iphoneos/CameraAccess.build/Objects-normal/arm64/CameraAccess.swiftmodule (in target 'CameraAccess' from project 'CameraAccess')
    cd /Users/fwz233/Project/turbometa-rayban-ai
    builtin-copy -exclude .DS_Store -exclude CVS -exclude .svn -exclude .git -exclude .hg -resolve-src-symlinks -rename /Users/fwz233/Project/turbometa-rayban-ai/build/Build/Intermediates.noindex/CameraAccess.build/Release-iphoneos/CameraAccess.build/Objects-normal/arm64/CameraAccess.swiftmodule /Users/fwz233/Project/turbometa-rayban-ai/build/Build/Products/Release-iphoneos/CameraAccess.swiftmodule/arm64-apple-ios.swiftmodule

Copy /Users/fwz233/Project/turbometa-rayban-ai/build/Build/Products/Release-iphoneos/CameraAccess.swiftmodule/arm64-apple-ios.swiftdoc /Users/fwz233/Project/turbometa-rayban-ai/build/Build/Intermediates.noindex/CameraAccess.build/Release-iphoneos/CameraAccess.build/Objects-normal/arm64/CameraAccess.swiftdoc (in target 'CameraAccess' from project 'CameraAccess')
    cd /Users/fwz233/Project/turbometa-rayban-ai
    builtin-copy -exclude .DS_Store -exclude CVS -exclude .svn -exclude .git -exclude .hg -resolve-src-symlinks -rename /Users/fwz233/Project/turbometa-rayban-ai/build/Build/Intermediates.noindex/CameraAccess.build/Release-iphoneos/CameraAccess.build/Objects-normal/arm64/CameraAccess.swiftdoc /Users/fwz233/Project/turbometa-rayban-ai/build/Build/Products/Release-iphoneos/CameraAccess.swiftmodule/arm64-apple-ios.swiftdoc

Copy /Users/fwz233/Project/turbometa-rayban-ai/build/Build/Products/Release-iphoneos/CameraAccess.swiftmodule/arm64-apple-ios.abi.json /Users/fwz233/Project/turbometa-rayban-ai/build/Build/Intermediates.noindex/CameraAccess.build/Release-iphoneos/CameraAccess.build/Objects-normal/arm64/CameraAccess.abi.json (in target 'CameraAccess' from project 'CameraAccess')
    cd /Users/fwz233/Project/turbometa-rayban-ai
    builtin-copy -exclude .DS_Store -exclude CVS -exclude .svn -exclude .git -exclude .hg -resolve-src-symlinks -rename /Users/fwz233/Project/turbometa-rayban-ai/build/Build/Intermediates.noindex/CameraAccess.build/Release-iphoneos/CameraAccess.build/Objects-normal/arm64/CameraAccess.abi.json /Users/fwz233/Project/turbometa-rayban-ai/build/Build/Products/Release-iphoneos/CameraAccess.swiftmodule/arm64-apple-ios.abi.json

Copy /Users/fwz233/Project/turbometa-rayban-ai/build/Build/Products/Release-iphoneos/CameraAccess.swiftmodule/Project/arm64-apple-ios.swiftsourceinfo /Users/fwz233/Project/turbometa-rayban-ai/build/Build/Intermediates.noindex/CameraAccess.build/Release-iphoneos/CameraAccess.build/Objects-normal/arm64/CameraAccess.swiftsourceinfo (in target 'CameraAccess' from project 'CameraAccess')
    cd /Users/fwz233/Project/turbometa-rayban-ai
    builtin-copy -exclude .DS_Store -exclude CVS -exclude .svn -exclude .git -exclude .hg -resolve-src-symlinks -rename /Users/fwz233/Project/turbometa-rayban-ai/build/Build/Intermediates.noindex/CameraAccess.build/Release-iphoneos/CameraAccess.build/Objects-normal/arm64/CameraAccess.swiftsourceinfo /Users/fwz233/Project/turbometa-rayban-ai/build/Build/Products/Release-iphoneos/CameraAccess.swiftmodule/Project/arm64-apple-ios.swiftsourceinfo

Ld /Users/fwz233/Project/turbometa-rayban-ai/build/Build/Products/Release-iphoneos/CameraAccess.app/CameraAccess normal (in target 'CameraAccess' from project 'CameraAccess')
    cd /Users/fwz233/Project/turbometa-rayban-ai
    /Applications/Xcode.app/Contents/Developer/Toolchains/XcodeDefault.xctoolchain/usr/bin/clang -Xlinker -reproducible -target arm64-apple-ios17.0 -isysroot /Applications/Xcode.app/Contents/Developer/Platforms/iPhoneOS.platform/Developer/SDKs/iPhoneOS26.1.sdk -Os -L/Users/fwz233/Project/turbometa-rayban-ai/build/Build/Intermediates.noindex/EagerLinkingTBDs/Release-iphoneos -L/Users/fwz233/Project/turbometa-rayban-ai/build/Build/Products/Release-iphoneos -F/Users/fwz233/Project/turbometa-rayban-ai/build/Build/Intermediates.noindex/EagerLinkingTBDs/Release-iphoneos -F/Users/fwz233/Project/turbometa-rayban-ai/build/Build/Products/Release-iphoneos -filelist /Users/fwz233/Project/turbometa-rayban-ai/build/Build/Intermediates.noindex/CameraAccess.build/Release-iphoneos/CameraAccess.build/Objects-normal/arm64/CameraAccess.LinkFileList -Xlinker -rpath -Xlinker /usr/lib/swift -Xlinker -rpath -Xlinker @executable_path/Frameworks -dead_strip -Xlinker -object_path_lto -Xlinker /Users/fwz233/Project/turbometa-rayban-ai/build/Build/Intermediates.noindex/CameraAccess.build/Release-iphoneos/CameraAccess.build/Objects-normal/arm64/CameraAccess_lto.o -Xlinker -debug_variant -Xlinker -dependency_info -Xlinker /Users/fwz233/Project/turbometa-rayban-ai/build/Build/Intermediates.noindex/CameraAccess.build/Release-iphoneos/CameraAccess.build/Objects-normal/arm64/CameraAccess_dependency_info.dat -fobjc-link-runtime -fprofile-instr-generate -L/Applications/Xcode.app/Contents/Developer/Toolchains/XcodeDefault.xctoolchain/usr/lib/swift/iphoneos -L/usr/lib/swift -Xlinker -add_ast_path -Xlinker /Users/fwz233/Project/turbometa-rayban-ai/build/Build/Intermediates.noindex/CameraAccess.build/Release-iphoneos/CameraAccess.build/Objects-normal/arm64/CameraAccess.swiftmodule @/Users/fwz233/Project/turbometa-rayban-ai/build/Build/Intermediates.noindex/CameraAccess.build/Release-iphoneos/CameraAccess.build/Objects-normal/arm64/CameraAccess-linker-args.resp -framework MWDATCore -framework MWDATCamera -framework MWDATMockDevice -o /Users/fwz233/Project/turbometa-rayban-ai/build/Build/Products/Release-iphoneos/CameraAccess.app/CameraAccess

LinkAssetCatalog /Users/fwz233/Project/turbometa-rayban-ai/CameraAccess/Assets.xcassets (in target 'CameraAccess' from project 'CameraAccess')
    cd /Users/fwz233/Project/turbometa-rayban-ai
    builtin-linkAssetCatalog --thinned /Users/fwz233/Project/turbometa-rayban-ai/build/Build/Intermediates.noindex/CameraAccess.build/Release-iphoneos/CameraAccess.build/assetcatalog_output/thinned --thinned-dependencies /Users/fwz233/Project/turbometa-rayban-ai/build/Build/Intermediates.noindex/CameraAccess.build/Release-iphoneos/CameraAccess.build/assetcatalog_dependencies_thinned --thinned-info-plist-content /Users/fwz233/Project/turbometa-rayban-ai/build/Build/Intermediates.noindex/CameraAccess.build/Release-iphoneos/CameraAccess.build/assetcatalog_generated_info.plist_thinned --unthinned /Users/fwz233/Project/turbometa-rayban-ai/build/Build/Intermediates.noindex/CameraAccess.build/Release-iphoneos/CameraAccess.build/assetcatalog_output/unthinned --unthinned-dependencies /Users/fwz233/Project/turbometa-rayban-ai/build/Build/Intermediates.noindex/CameraAccess.build/Release-iphoneos/CameraAccess.build/assetcatalog_dependencies_unthinned --unthinned-info-plist-content /Users/fwz233/Project/turbometa-rayban-ai/build/Build/Intermediates.noindex/CameraAccess.build/Release-iphoneos/CameraAccess.build/assetcatalog_generated_info.plist_unthinned --output /Users/fwz233/Project/turbometa-rayban-ai/build/Build/Products/Release-iphoneos/CameraAccess.app --plist-output /Users/fwz233/Project/turbometa-rayban-ai/build/Build/Intermediates.noindex/CameraAccess.build/Release-iphoneos/CameraAccess.build/assetcatalog_generated_info.plist
note: Emplaced /Users/fwz233/Project/turbometa-rayban-ai/build/Build/Products/Release-iphoneos/CameraAccess.app/AppIcon60x60@2x.png (in target 'CameraAccess' from project 'CameraAccess')
note: Emplaced /Users/fwz233/Project/turbometa-rayban-ai/build/Build/Products/Release-iphoneos/CameraAccess.app/Assets.car (in target 'CameraAccess' from project 'CameraAccess')
note: Emplaced /Users/fwz233/Project/turbometa-rayban-ai/build/Build/Products/Release-iphoneos/CameraAccess.app/AppIcon76x76@2x~ipad.png (in target 'CameraAccess' from project 'CameraAccess')

ProcessInfoPlistFile /Users/fwz233/Project/turbometa-rayban-ai/build/Build/Products/Release-iphoneos/CameraAccess.app/Info.plist /Users/fwz233/Project/turbometa-rayban-ai/CameraAccess/Info.plist (in target 'CameraAccess' from project 'CameraAccess')
    cd /Users/fwz233/Project/turbometa-rayban-ai
    builtin-infoPlistUtility /Users/fwz233/Project/turbometa-rayban-ai/CameraAccess/Info.plist -producttype com.apple.product-type.application -genpkginfo /Users/fwz233/Project/turbometa-rayban-ai/build/Build/Products/Release-iphoneos/CameraAccess.app/PkgInfo -expandbuildsettings -format binary -platform iphoneos -additionalcontentfile /Users/fwz233/Project/turbometa-rayban-ai/build/Build/Intermediates.noindex/CameraAccess.build/Release-iphoneos/CameraAccess.build/assetcatalog_generated_info.plist -scanforprivacyfile /Users/fwz233/Project/turbometa-rayban-ai/build/Build/Products/Release-iphoneos/CameraAccess.app/Frameworks/MWDATCamera.framework -scanforprivacyfile /Users/fwz233/Project/turbometa-rayban-ai/build/Build/Products/Release-iphoneos/CameraAccess.app/Frameworks/MWDATCore.framework -scanforprivacyfile /Users/fwz233/Project/turbometa-rayban-ai/build/Build/Products/Release-iphoneos/CameraAccess.app/Frameworks/MWDATMockDevice.framework -requiredArchitecture arm64 -o /Users/fwz233/Project/turbometa-rayban-ai/build/Build/Products/Release-iphoneos/CameraAccess.app/Info.plist

CopySwiftLibs /Users/fwz233/Project/turbometa-rayban-ai/build/Build/Products/Release-iphoneos/CameraAccess.app (in target 'CameraAccess' from project 'CameraAccess')
    cd /Users/fwz233/Project/turbometa-rayban-ai
    builtin-swiftStdLibTool --copy --verbose --scan-executable /Users/fwz233/Project/turbometa-rayban-ai/build/Build/Products/Release-iphoneos/CameraAccess.app/CameraAccess --scan-folder /Users/fwz233/Project/turbometa-rayban-ai/build/Build/Products/Release-iphoneos/CameraAccess.app/Frameworks --scan-folder /Users/fwz233/Project/turbometa-rayban-ai/build/Build/Products/Release-iphoneos/CameraAccess.app/PlugIns --scan-folder /Users/fwz233/Project/turbometa-rayban-ai/build/Build/Products/Release-iphoneos/CameraAccess.app/SystemExtensions --scan-folder /Users/fwz233/Project/turbometa-rayban-ai/build/Build/Products/Release-iphoneos/CameraAccess.app/Extensions --platform iphoneos --toolchain /Applications/Xcode.app/Contents/Developer/Toolchains/XcodeDefault.xctoolchain --destination /Users/fwz233/Project/turbometa-rayban-ai/build/Build/Products/Release-iphoneos/CameraAccess.app/Frameworks --strip-bitcode --strip-bitcode-tool /Applications/Xcode.app/Contents/Developer/Toolchains/XcodeDefault.xctoolchain/usr/bin/bitcode_strip --emit-dependency-info /Users/fwz233/Project/turbometa-rayban-ai/build/Build/Intermediates.noindex/CameraAccess.build/Release-iphoneos/CameraAccess.build/SwiftStdLibToolInputDependencies.dep --filter-for-swift-os --back-deploy-swift-span
Ignoring --strip-bitcode because --sign was not passed

ExtractAppIntentsMetadata (in target 'CameraAccess' from project 'CameraAccess')
    cd /Users/fwz233/Project/turbometa-rayban-ai
    /Applications/Xcode.app/Contents/Developer/Toolchains/XcodeDefault.xctoolchain/usr/bin/appintentsmetadataprocessor --toolchain-dir /Applications/Xcode.app/Contents/Developer/Toolchains/XcodeDefault.xctoolchain --module-name CameraAccess --sdk-root /Applications/Xcode.app/Contents/Developer/Platforms/iPhoneOS.platform/Developer/SDKs/iPhoneOS26.1.sdk --xcode-version 17B100 --platform-family iOS --deployment-target 17.0 --bundle-identifier com.meta.wearables.external.CameraAccess --output /Users/fwz233/Project/turbometa-rayban-ai/build/Build/Products/Release-iphoneos/CameraAccess.app --target-triple arm64-apple-ios17.0 --binary-file /Users/fwz233/Project/turbometa-rayban-ai/build/Build/Products/Release-iphoneos/CameraAccess.app/CameraAccess --dependency-file /Users/fwz233/Project/turbometa-rayban-ai/build/Build/Intermediates.noindex/CameraAccess.build/Release-iphoneos/CameraAccess.build/Objects-normal/arm64/CameraAccess_dependency_info.dat --stringsdata-file /Users/fwz233/Project/turbometa-rayban-ai/build/Build/Intermediates.noindex/CameraAccess.build/Release-iphoneos/CameraAccess.build/Objects-normal/arm64/ExtractedAppShortcutsMetadata.stringsdata --source-file-list /Users/fwz233/Project/turbometa-rayban-ai/build/Build/Intermediates.noindex/CameraAccess.build/Release-iphoneos/CameraAccess.build/Objects-normal/arm64/CameraAccess.SwiftFileList --metadata-file-list /Users/fwz233/Project/turbometa-rayban-ai/build/Build/Intermediates.noindex/CameraAccess.build/Release-iphoneos/CameraAccess.build/CameraAccess.DependencyMetadataFileList --static-metadata-file-list /Users/fwz233/Project/turbometa-rayban-ai/build/Build/Intermediates.noindex/CameraAccess.build/Release-iphoneos/CameraAccess.build/CameraAccess.DependencyStaticMetadataFileList --swift-const-vals-list /Users/fwz233/Project/turbometa-rayban-ai/build/Build/Intermediates.noindex/CameraAccess.build/Release-iphoneos/CameraAccess.build/Objects-normal/arm64/CameraAccess.SwiftConstValuesFileList --compile-time-extraction --deployment-aware-processing --validate-assistant-intents --no-app-shortcuts-localization
2025-12-24 23:36:31.440 appintentsmetadataprocessor[26622:938948] Starting appintentsmetadataprocessor export
2025-12-24 23:36:31.443 appintentsmetadataprocessor[26622:938948] warning: Metadata extraction skipped. No AppIntents.framework dependency found.

GenerateDSYMFile /Users/fwz233/Project/turbometa-rayban-ai/build/Build/Products/Release-iphoneos/CameraAccess.app.dSYM /Users/fwz233/Project/turbometa-rayban-ai/build/Build/Products/Release-iphoneos/CameraAccess.app/CameraAccess (in target 'CameraAccess' from project 'CameraAccess')
    cd /Users/fwz233/Project/turbometa-rayban-ai
    /Applications/Xcode.app/Contents/Developer/Toolchains/XcodeDefault.xctoolchain/usr/bin/dsymutil /Users/fwz233/Project/turbometa-rayban-ai/build/Build/Products/Release-iphoneos/CameraAccess.app/CameraAccess -o /Users/fwz233/Project/turbometa-rayban-ai/build/Build/Products/Release-iphoneos/CameraAccess.app.dSYM

AppIntentsSSUTraining (in target 'CameraAccess' from project 'CameraAccess')
    cd /Users/fwz233/Project/turbometa-rayban-ai
    /Applications/Xcode.app/Contents/Developer/Toolchains/XcodeDefault.xctoolchain/usr/bin/appintentsnltrainingprocessor --infoplist-path /Users/fwz233/Project/turbometa-rayban-ai/build/Build/Products/Release-iphoneos/CameraAccess.app/Info.plist --temp-dir-path /Users/fwz233/Project/turbometa-rayban-ai/build/Build/Intermediates.noindex/CameraAccess.build/Release-iphoneos/CameraAccess.build/ssu --bundle-id com.meta.wearables.external.CameraAccess --product-path /Users/fwz233/Project/turbometa-rayban-ai/build/Build/Products/Release-iphoneos/CameraAccess.app --extracted-metadata-path /Users/fwz233/Project/turbometa-rayban-ai/build/Build/Products/Release-iphoneos/CameraAccess.app/Metadata.appintents --metadata-file-list /Users/fwz233/Project/turbometa-rayban-ai/build/Build/Intermediates.noindex/CameraAccess.build/Release-iphoneos/CameraAccess.build/CameraAccess.DependencyMetadataFileList --archive-ssu-assets
2025-12-24 23:36:31.466 appintentsnltrainingprocessor[26626:938962] Parsing options for appintentsnltrainingprocessor
2025-12-24 23:36:31.466 appintentsnltrainingprocessor[26626:938962] No AppShortcuts found - Skipping.

RegisterExecutionPolicyException /Users/fwz233/Project/turbometa-rayban-ai/build/Build/Products/Release-iphoneos/CameraAccess.app (in target 'CameraAccess' from project 'CameraAccess')
    cd /Users/fwz233/Project/turbometa-rayban-ai
    builtin-RegisterExecutionPolicyException /Users/fwz233/Project/turbometa-rayban-ai/build/Build/Products/Release-iphoneos/CameraAccess.app

Validate /Users/fwz233/Project/turbometa-rayban-ai/build/Build/Products/Release-iphoneos/CameraAccess.app (in target 'CameraAccess' from project 'CameraAccess')
    cd /Users/fwz233/Project/turbometa-rayban-ai
    builtin-validationUtility /Users/fwz233/Project/turbometa-rayban-ai/build/Build/Products/Release-iphoneos/CameraAccess.app -validate-for-store -shallow-bundle -infoplist-subpath Info.plist

Touch /Users/fwz233/Project/turbometa-rayban-ai/build/Build/Products/Release-iphoneos/CameraAccess.app (in target 'CameraAccess' from project 'CameraAccess')
    cd /Users/fwz233/Project/turbometa-rayban-ai
    /usr/bin/touch -c /Users/fwz233/Project/turbometa-rayban-ai/build/Build/Products/Release-iphoneos/CameraAccess.app

** BUILD SUCCEEDED **

